{"C:\\Users\\SABARISH\\Desktop\\Employee\\backend\\src\\app.js": {"path":"C:\\Users\\SABARISH\\Desktop\\Employee\\backend\\src\\app.js","statementMap":{"0":{"start":{"line":1,"column":16},"end":{"line":1,"column":34}},"1":{"start":{"line":2,"column":13},"end":{"line":2,"column":28}},"2":{"start":{"line":3,"column":31},"end":{"line":3,"column":62}},"3":{"start":{"line":4,"column":28},"end":{"line":4,"column":55}},"4":{"start":{"line":6,"column":12},"end":{"line":6,"column":21}},"5":{"start":{"line":8,"column":0},"end":{"line":11,"column":4}},"6":{"start":{"line":13,"column":0},"end":{"line":13,"column":24}},"7":{"start":{"line":14,"column":0},"end":{"line":14,"column":48}},"8":{"start":{"line":16,"column":0},"end":{"line":19,"column":3}},"9":{"start":{"line":17,"column":2},"end":{"line":17,"column":46}},"10":{"start":{"line":18,"column":2},"end":{"line":18,"column":9}},"11":{"start":{"line":21,"column":0},"end":{"line":30,"column":3}},"12":{"start":{"line":22,"column":2},"end":{"line":29,"column":5}},"13":{"start":{"line":36,"column":0},"end":{"line":48,"column":3}},"14":{"start":{"line":37,"column":2},"end":{"line":47,"column":5}},"15":{"start":{"line":54,"column":18},"end":{"line":54,"column":37}},"16":{"start":{"line":55,"column":0},"end":{"line":55,"column":27}},"17":{"start":{"line":61,"column":0},"end":{"line":67,"column":3}},"18":{"start":{"line":62,"column":2},"end":{"line":66,"column":5}},"19":{"start":{"line":69,"column":0},"end":{"line":69,"column":28}},"20":{"start":{"line":71,"column":0},"end":{"line":71,"column":21}}},"fnMap":{"0":{"name":"(anonymous_0)","decl":{"start":{"line":16,"column":8},"end":{"line":16,"column":9}},"loc":{"start":{"line":16,"column":28},"end":{"line":19,"column":1}},"line":16},"1":{"name":"(anonymous_1)","decl":{"start":{"line":21,"column":19},"end":{"line":21,"column":20}},"loc":{"start":{"line":21,"column":33},"end":{"line":30,"column":1}},"line":21},"2":{"name":"(anonymous_2)","decl":{"start":{"line":36,"column":13},"end":{"line":36,"column":14}},"loc":{"start":{"line":36,"column":27},"end":{"line":48,"column":1}},"line":36},"3":{"name":"(anonymous_3)","decl":{"start":{"line":61,"column":8},"end":{"line":61,"column":9}},"loc":{"start":{"line":61,"column":28},"end":{"line":67,"column":1}},"line":61}},"branchMap":{"0":{"loc":{"start":{"line":9,"column":10},"end":{"line":9,"column":41}},"type":"binary-expr","locations":[{"start":{"line":9,"column":10},"end":{"line":9,"column":34}},{"start":{"line":9,"column":38},"end":{"line":9,"column":41}}],"line":9}},"s":{"0":0,"1":0,"2":0,"3":0,"4":0,"5":0,"6":0,"7":0,"8":0,"9":0,"10":0,"11":0,"12":0,"13":0,"14":0,"15":0,"16":0,"17":0,"18":0,"19":0,"20":0},"f":{"0":0,"1":0,"2":0,"3":0},"b":{"0":[0,0]}}
,"C:\\Users\\SABARISH\\Desktop\\Employee\\backend\\src\\config\\multer.js": {"path":"C:\\Users\\SABARISH\\Desktop\\Employee\\backend\\src\\config\\multer.js","statementMap":{"0":{"start":{"line":1,"column":15},"end":{"line":1,"column":32}},"1":{"start":{"line":2,"column":21},"end":{"line":2,"column":53}},"2":{"start":{"line":4,"column":16},"end":{"line":4,"column":38}},"3":{"start":{"line":6,"column":19},"end":{"line":21,"column":1}},"4":{"start":{"line":7,"column":27},"end":{"line":14,"column":3}},"5":{"start":{"line":16,"column":2},"end":{"line":20,"column":3}},"6":{"start":{"line":17,"column":4},"end":{"line":17,"column":19}},"7":{"start":{"line":19,"column":4},"end":{"line":19,"column":94}},"8":{"start":{"line":23,"column":15},"end":{"line":29,"column":2}},"9":{"start":{"line":31,"column":0},"end":{"line":31,"column":24}}},"fnMap":{"0":{"name":"(anonymous_0)","decl":{"start":{"line":6,"column":19},"end":{"line":6,"column":20}},"loc":{"start":{"line":6,"column":38},"end":{"line":21,"column":1}},"line":6}},"branchMap":{"0":{"loc":{"start":{"line":16,"column":2},"end":{"line":20,"column":3}},"type":"if","locations":[{"start":{"line":16,"column":2},"end":{"line":20,"column":3}},{"start":{"line":18,"column":9},"end":{"line":20,"column":3}}],"line":16}},"s":{"0":0,"1":0,"2":0,"3":0,"4":0,"5":0,"6":0,"7":0,"8":0,"9":0},"f":{"0":0},"b":{"0":[0,0]}}
,"C:\\Users\\SABARISH\\Desktop\\Employee\\backend\\src\\config\\supabase.js": {"path":"C:\\Users\\SABARISH\\Desktop\\Employee\\backend\\src\\config\\supabase.js","statementMap":{"0":{"start":{"line":1,"column":25},"end":{"line":1,"column":57}},"1":{"start":{"line":2,"column":0},"end":{"line":2,"column":27}},"2":{"start":{"line":4,"column":0},"end":{"line":6,"column":1}},"3":{"start":{"line":5,"column":2},"end":{"line":5,"column":63}},"4":{"start":{"line":8,"column":0},"end":{"line":10,"column":1}},"5":{"start":{"line":9,"column":2},"end":{"line":9,"column":71}},"6":{"start":{"line":12,"column":17},"end":{"line":21,"column":1}},"7":{"start":{"line":24,"column":0},"end":{"line":24,"column":26}}},"fnMap":{},"branchMap":{"0":{"loc":{"start":{"line":4,"column":0},"end":{"line":6,"column":1}},"type":"if","locations":[{"start":{"line":4,"column":0},"end":{"line":6,"column":1}},{"start":{},"end":{}}],"line":4},"1":{"loc":{"start":{"line":8,"column":0},"end":{"line":10,"column":1}},"type":"if","locations":[{"start":{"line":8,"column":0},"end":{"line":10,"column":1}},{"start":{},"end":{}}],"line":8}},"s":{"0":0,"1":0,"2":0,"3":0,"4":0,"5":0,"6":0,"7":0},"f":{},"b":{"0":[0,0],"1":[0,0]}}
,"C:\\Users\\SABARISH\\Desktop\\Employee\\backend\\src\\controllers\\admin.controller.js": {"path":"C:\\Users\\SABARISH\\Desktop\\Employee\\backend\\src\\controllers\\admin.controller.js","statementMap":{"0":{"start":{"line":8,"column":25},"end":{"line":8,"column":57}},"1":{"start":{"line":9,"column":28},"end":{"line":9,"column":56}},"2":{"start":{"line":10,"column":21},"end":{"line":10,"column":57}},"3":{"start":{"line":16,"column":27},"end":{"line":30,"column":2}},"4":{"start":{"line":17,"column":18},"end":{"line":20,"column":3}},"5":{"start":{"line":22,"column":17},"end":{"line":22,"column":63}},"6":{"start":{"line":24,"column":2},"end":{"line":29,"column":5}},"7":{"start":{"line":36,"column":23},"end":{"line":51,"column":2}},"8":{"start":{"line":37,"column":18},"end":{"line":41,"column":3}},"9":{"start":{"line":43,"column":17},"end":{"line":43,"column":59}},"10":{"start":{"line":45,"column":2},"end":{"line":50,"column":5}},"11":{"start":{"line":57,"column":23},"end":{"line":68,"column":2}},"12":{"start":{"line":58,"column":20},"end":{"line":58,"column":33}},"13":{"start":{"line":59,"column":18},"end":{"line":59,"column":29}},"14":{"start":{"line":60,"column":22},"end":{"line":60,"column":30}},"15":{"start":{"line":62,"column":21},"end":{"line":62,"column":83}},"16":{"start":{"line":64,"column":2},"end":{"line":67,"column":5}},"17":{"start":{"line":74,"column":22},"end":{"line":85,"column":2}},"18":{"start":{"line":75,"column":20},"end":{"line":75,"column":33}},"19":{"start":{"line":76,"column":18},"end":{"line":76,"column":29}},"20":{"start":{"line":77,"column":22},"end":{"line":77,"column":30}},"21":{"start":{"line":79,"column":21},"end":{"line":79,"column":82}},"22":{"start":{"line":81,"column":2},"end":{"line":84,"column":5}},"23":{"start":{"line":91,"column":26},"end":{"line":98,"column":2}},"24":{"start":{"line":92,"column":16},"end":{"line":92,"column":54}},"25":{"start":{"line":94,"column":2},"end":{"line":97,"column":5}},"26":{"start":{"line":104,"column":26},"end":{"line":113,"column":2}},"27":{"start":{"line":105,"column":20},"end":{"line":105,"column":33}},"28":{"start":{"line":107,"column":18},"end":{"line":107,"column":69}},"29":{"start":{"line":109,"column":2},"end":{"line":112,"column":5}},"30":{"start":{"line":115,"column":0},"end":{"line":122,"column":2}}},"fnMap":{"0":{"name":"(anonymous_0)","decl":{"start":{"line":16,"column":40},"end":{"line":16,"column":41}},"loc":{"start":{"line":16,"column":60},"end":{"line":30,"column":1}},"line":16},"1":{"name":"(anonymous_1)","decl":{"start":{"line":36,"column":36},"end":{"line":36,"column":37}},"loc":{"start":{"line":36,"column":56},"end":{"line":51,"column":1}},"line":36},"2":{"name":"(anonymous_2)","decl":{"start":{"line":57,"column":36},"end":{"line":57,"column":37}},"loc":{"start":{"line":57,"column":56},"end":{"line":68,"column":1}},"line":57},"3":{"name":"(anonymous_3)","decl":{"start":{"line":74,"column":35},"end":{"line":74,"column":36}},"loc":{"start":{"line":74,"column":55},"end":{"line":85,"column":1}},"line":74},"4":{"name":"(anonymous_4)","decl":{"start":{"line":91,"column":39},"end":{"line":91,"column":40}},"loc":{"start":{"line":91,"column":59},"end":{"line":98,"column":1}},"line":91},"5":{"name":"(anonymous_5)","decl":{"start":{"line":104,"column":39},"end":{"line":104,"column":40}},"loc":{"start":{"line":104,"column":59},"end":{"line":113,"column":1}},"line":104}},"branchMap":{},"s":{"0":0,"1":0,"2":0,"3":0,"4":0,"5":0,"6":0,"7":0,"8":0,"9":0,"10":0,"11":0,"12":0,"13":0,"14":0,"15":0,"16":0,"17":0,"18":0,"19":0,"20":0,"21":0,"22":0,"23":0,"24":0,"25":0,"26":0,"27":0,"28":0,"29":0,"30":0},"f":{"0":0,"1":0,"2":0,"3":0,"4":0,"5":0},"b":{}}
,"C:\\Users\\SABARISH\\Desktop\\Employee\\backend\\src\\controllers\\document.controller.js": {"path":"C:\\Users\\SABARISH\\Desktop\\Employee\\backend\\src\\controllers\\document.controller.js","statementMap":{"0":{"start":{"line":7,"column":25},"end":{"line":7,"column":57}},"1":{"start":{"line":8,"column":28},"end":{"line":8,"column":56}},"2":{"start":{"line":9,"column":21},"end":{"line":9,"column":53}},"3":{"start":{"line":10,"column":24},"end":{"line":10,"column":63}},"4":{"start":{"line":16,"column":23},"end":{"line":34,"column":2}},"5":{"start":{"line":17,"column":2},"end":{"line":19,"column":3}},"6":{"start":{"line":18,"column":4},"end":{"line":18,"column":48}},"7":{"start":{"line":21,"column":19},"end":{"line":25,"column":3}},"8":{"start":{"line":27,"column":19},"end":{"line":27,"column":75}},"9":{"start":{"line":29,"column":2},"end":{"line":33,"column":5}},"10":{"start":{"line":40,"column":20},"end":{"line":49,"column":2}},"11":{"start":{"line":41,"column":21},"end":{"line":41,"column":34}},"12":{"start":{"line":43,"column":19},"end":{"line":43,"column":68}},"13":{"start":{"line":45,"column":2},"end":{"line":48,"column":5}},"14":{"start":{"line":55,"column":25},"end":{"line":65,"column":2}},"15":{"start":{"line":56,"column":21},"end":{"line":56,"column":34}},"16":{"start":{"line":57,"column":20},"end":{"line":57,"column":55}},"17":{"start":{"line":59,"column":23},"end":{"line":59,"column":84}},"18":{"start":{"line":61,"column":2},"end":{"line":64,"column":5}},"19":{"start":{"line":71,"column":30},"end":{"line":80,"column":2}},"20":{"start":{"line":72,"column":20},"end":{"line":72,"column":40}},"21":{"start":{"line":74,"column":20},"end":{"line":74,"column":74}},"22":{"start":{"line":76,"column":2},"end":{"line":79,"column":5}},"23":{"start":{"line":86,"column":23},"end":{"line":96,"column":2}},"24":{"start":{"line":87,"column":21},"end":{"line":87,"column":34}},"25":{"start":{"line":88,"column":17},"end":{"line":88,"column":28}},"26":{"start":{"line":90,"column":17},"end":{"line":90,"column":73}},"27":{"start":{"line":92,"column":2},"end":{"line":95,"column":5}},"28":{"start":{"line":102,"column":29},"end":{"line":111,"column":2}},"29":{"start":{"line":103,"column":20},"end":{"line":103,"column":40}},"30":{"start":{"line":105,"column":21},"end":{"line":105,"column":82}},"31":{"start":{"line":107,"column":2},"end":{"line":110,"column":5}},"32":{"start":{"line":113,"column":0},"end":{"line":120,"column":2}}},"fnMap":{"0":{"name":"(anonymous_0)","decl":{"start":{"line":16,"column":36},"end":{"line":16,"column":37}},"loc":{"start":{"line":16,"column":56},"end":{"line":34,"column":1}},"line":16},"1":{"name":"(anonymous_1)","decl":{"start":{"line":40,"column":33},"end":{"line":40,"column":34}},"loc":{"start":{"line":40,"column":53},"end":{"line":49,"column":1}},"line":40},"2":{"name":"(anonymous_2)","decl":{"start":{"line":55,"column":38},"end":{"line":55,"column":39}},"loc":{"start":{"line":55,"column":58},"end":{"line":65,"column":1}},"line":55},"3":{"name":"(anonymous_3)","decl":{"start":{"line":71,"column":43},"end":{"line":71,"column":44}},"loc":{"start":{"line":71,"column":63},"end":{"line":80,"column":1}},"line":71},"4":{"name":"(anonymous_4)","decl":{"start":{"line":86,"column":36},"end":{"line":86,"column":37}},"loc":{"start":{"line":86,"column":56},"end":{"line":96,"column":1}},"line":86},"5":{"name":"(anonymous_5)","decl":{"start":{"line":102,"column":42},"end":{"line":102,"column":43}},"loc":{"start":{"line":102,"column":62},"end":{"line":111,"column":1}},"line":102}},"branchMap":{"0":{"loc":{"start":{"line":17,"column":2},"end":{"line":19,"column":3}},"type":"if","locations":[{"start":{"line":17,"column":2},"end":{"line":19,"column":3}},{"start":{},"end":{}}],"line":17},"1":{"loc":{"start":{"line":57,"column":20},"end":{"line":57,"column":55}},"type":"binary-expr","locations":[{"start":{"line":57,"column":20},"end":{"line":57,"column":49}},{"start":{"line":57,"column":53},"end":{"line":57,"column":55}}],"line":57},"2":{"loc":{"start":{"line":109,"column":4},"end":{"line":109,"column":78}},"type":"cond-expr","locations":[{"start":{"line":109,"column":25},"end":{"line":109,"column":47}},{"start":{"line":109,"column":50},"end":{"line":109,"column":78}}],"line":109}},"s":{"0":0,"1":0,"2":0,"3":0,"4":0,"5":0,"6":0,"7":0,"8":0,"9":0,"10":0,"11":0,"12":0,"13":0,"14":0,"15":0,"16":0,"17":0,"18":0,"19":0,"20":0,"21":0,"22":0,"23":0,"24":0,"25":0,"26":0,"27":0,"28":0,"29":0,"30":0,"31":0,"32":0},"f":{"0":0,"1":0,"2":0,"3":0,"4":0,"5":0},"b":{"0":[0,0],"1":[0,0],"2":[0,0]}}
,"C:\\Users\\SABARISH\\Desktop\\Employee\\backend\\src\\controllers\\employee.controller.js": {"path":"C:\\Users\\SABARISH\\Desktop\\Employee\\backend\\src\\controllers\\employee.controller.js","statementMap":{"0":{"start":{"line":8,"column":25},"end":{"line":8,"column":57}},"1":{"start":{"line":9,"column":28},"end":{"line":9,"column":56}},"2":{"start":{"line":10,"column":24},"end":{"line":10,"column":63}},"3":{"start":{"line":16,"column":27},"end":{"line":25,"column":2}},"4":{"start":{"line":17,"column":21},"end":{"line":17,"column":34}},"5":{"start":{"line":19,"column":19},"end":{"line":19,"column":60}},"6":{"start":{"line":21,"column":2},"end":{"line":24,"column":5}},"7":{"start":{"line":31,"column":33},"end":{"line":40,"column":2}},"8":{"start":{"line":32,"column":21},"end":{"line":32,"column":34}},"9":{"start":{"line":34,"column":18},"end":{"line":34,"column":76}},"10":{"start":{"line":36,"column":2},"end":{"line":39,"column":5}},"11":{"start":{"line":46,"column":23},"end":{"line":56,"column":2}},"12":{"start":{"line":47,"column":21},"end":{"line":47,"column":34}},"13":{"start":{"line":48,"column":18},"end":{"line":48,"column":26}},"14":{"start":{"line":50,"column":19},"end":{"line":50,"column":68}},"15":{"start":{"line":52,"column":2},"end":{"line":55,"column":5}},"16":{"start":{"line":62,"column":24},"end":{"line":77,"column":2}},"17":{"start":{"line":63,"column":18},"end":{"line":67,"column":3}},"18":{"start":{"line":69,"column":17},"end":{"line":69,"column":54}},"19":{"start":{"line":71,"column":2},"end":{"line":76,"column":5}},"20":{"start":{"line":79,"column":0},"end":{"line":84,"column":2}}},"fnMap":{"0":{"name":"(anonymous_0)","decl":{"start":{"line":16,"column":40},"end":{"line":16,"column":41}},"loc":{"start":{"line":16,"column":60},"end":{"line":25,"column":1}},"line":16},"1":{"name":"(anonymous_1)","decl":{"start":{"line":31,"column":46},"end":{"line":31,"column":47}},"loc":{"start":{"line":31,"column":66},"end":{"line":40,"column":1}},"line":31},"2":{"name":"(anonymous_2)","decl":{"start":{"line":46,"column":36},"end":{"line":46,"column":37}},"loc":{"start":{"line":46,"column":56},"end":{"line":56,"column":1}},"line":46},"3":{"name":"(anonymous_3)","decl":{"start":{"line":62,"column":37},"end":{"line":62,"column":38}},"loc":{"start":{"line":62,"column":57},"end":{"line":77,"column":1}},"line":62}},"branchMap":{},"s":{"0":0,"1":0,"2":0,"3":0,"4":0,"5":0,"6":0,"7":0,"8":0,"9":0,"10":0,"11":0,"12":0,"13":0,"14":0,"15":0,"16":0,"17":0,"18":0,"19":0,"20":0},"f":{"0":0,"1":0,"2":0,"3":0},"b":{}}
,"C:\\Users\\SABARISH\\Desktop\\Employee\\backend\\src\\controllers\\onboarding.controller.js": {"path":"C:\\Users\\SABARISH\\Desktop\\Employee\\backend\\src\\controllers\\onboarding.controller.js","statementMap":{"0":{"start":{"line":8,"column":25},"end":{"line":8,"column":57}},"1":{"start":{"line":9,"column":28},"end":{"line":9,"column":56}},"2":{"start":{"line":10,"column":26},"end":{"line":10,"column":67}},"3":{"start":{"line":16,"column":32},"end":{"line":27,"column":2}},"4":{"start":{"line":17,"column":21},"end":{"line":17,"column":32}},"5":{"start":{"line":18,"column":22},"end":{"line":18,"column":30}},"6":{"start":{"line":20,"column":21},"end":{"line":20,"column":83}},"7":{"start":{"line":22,"column":2},"end":{"line":26,"column":5}},"8":{"start":{"line":33,"column":29},"end":{"line":42,"column":2}},"9":{"start":{"line":34,"column":20},"end":{"line":34,"column":33}},"10":{"start":{"line":36,"column":21},"end":{"line":36,"column":70}},"11":{"start":{"line":38,"column":2},"end":{"line":41,"column":5}},"12":{"start":{"line":48,"column":22},"end":{"line":57,"column":2}},"13":{"start":{"line":49,"column":21},"end":{"line":49,"column":32}},"14":{"start":{"line":51,"column":19},"end":{"line":51,"column":76}},"15":{"start":{"line":53,"column":2},"end":{"line":56,"column":5}},"16":{"start":{"line":63,"column":32},"end":{"line":78,"column":2}},"17":{"start":{"line":64,"column":20},"end":{"line":64,"column":33}},"18":{"start":{"line":65,"column":21},"end":{"line":65,"column":32}},"19":{"start":{"line":66,"column":18},"end":{"line":66,"column":26}},"20":{"start":{"line":68,"column":21},"end":{"line":72,"column":3}},"21":{"start":{"line":74,"column":2},"end":{"line":77,"column":5}},"22":{"start":{"line":84,"column":32},"end":{"line":93,"column":2}},"23":{"start":{"line":85,"column":20},"end":{"line":85,"column":33}},"24":{"start":{"line":87,"column":18},"end":{"line":87,"column":76}},"25":{"start":{"line":89,"column":2},"end":{"line":92,"column":5}},"26":{"start":{"line":99,"column":27},"end":{"line":108,"column":2}},"27":{"start":{"line":100,"column":20},"end":{"line":100,"column":33}},"28":{"start":{"line":102,"column":18},"end":{"line":102,"column":71}},"29":{"start":{"line":104,"column":2},"end":{"line":107,"column":5}},"30":{"start":{"line":114,"column":23},"end":{"line":123,"column":2}},"31":{"start":{"line":115,"column":21},"end":{"line":115,"column":32}},"32":{"start":{"line":117,"column":17},"end":{"line":117,"column":72}},"33":{"start":{"line":119,"column":2},"end":{"line":122,"column":5}},"34":{"start":{"line":129,"column":32},"end":{"line":139,"column":2}},"35":{"start":{"line":130,"column":20},"end":{"line":130,"column":33}},"36":{"start":{"line":131,"column":21},"end":{"line":131,"column":32}},"37":{"start":{"line":133,"column":17},"end":{"line":133,"column":77}},"38":{"start":{"line":135,"column":2},"end":{"line":138,"column":5}},"39":{"start":{"line":141,"column":0},"end":{"line":150,"column":2}}},"fnMap":{"0":{"name":"(anonymous_0)","decl":{"start":{"line":16,"column":45},"end":{"line":16,"column":46}},"loc":{"start":{"line":16,"column":65},"end":{"line":27,"column":1}},"line":16},"1":{"name":"(anonymous_1)","decl":{"start":{"line":33,"column":42},"end":{"line":33,"column":43}},"loc":{"start":{"line":33,"column":62},"end":{"line":42,"column":1}},"line":33},"2":{"name":"(anonymous_2)","decl":{"start":{"line":48,"column":35},"end":{"line":48,"column":36}},"loc":{"start":{"line":48,"column":55},"end":{"line":57,"column":1}},"line":48},"3":{"name":"(anonymous_3)","decl":{"start":{"line":63,"column":45},"end":{"line":63,"column":46}},"loc":{"start":{"line":63,"column":65},"end":{"line":78,"column":1}},"line":63},"4":{"name":"(anonymous_4)","decl":{"start":{"line":84,"column":45},"end":{"line":84,"column":46}},"loc":{"start":{"line":84,"column":65},"end":{"line":93,"column":1}},"line":84},"5":{"name":"(anonymous_5)","decl":{"start":{"line":99,"column":40},"end":{"line":99,"column":41}},"loc":{"start":{"line":99,"column":60},"end":{"line":108,"column":1}},"line":99},"6":{"name":"(anonymous_6)","decl":{"start":{"line":114,"column":36},"end":{"line":114,"column":37}},"loc":{"start":{"line":114,"column":56},"end":{"line":123,"column":1}},"line":114},"7":{"name":"(anonymous_7)","decl":{"start":{"line":129,"column":45},"end":{"line":129,"column":46}},"loc":{"start":{"line":129,"column":65},"end":{"line":139,"column":1}},"line":129}},"branchMap":{"0":{"loc":{"start":{"line":121,"column":4},"end":{"line":121,"column":83}},"type":"cond-expr","locations":[{"start":{"line":121,"column":23},"end":{"line":121,"column":53}},{"start":{"line":121,"column":56},"end":{"line":121,"column":83}}],"line":121}},"s":{"0":0,"1":0,"2":0,"3":0,"4":0,"5":0,"6":0,"7":0,"8":0,"9":0,"10":0,"11":0,"12":0,"13":0,"14":0,"15":0,"16":0,"17":0,"18":0,"19":0,"20":0,"21":0,"22":0,"23":0,"24":0,"25":0,"26":0,"27":0,"28":0,"29":0,"30":0,"31":0,"32":0,"33":0,"34":0,"35":0,"36":0,"37":0,"38":0,"39":0},"f":{"0":0,"1":0,"2":0,"3":0,"4":0,"5":0,"6":0,"7":0},"b":{"0":[0,0]}}
,"C:\\Users\\SABARISH\\Desktop\\Employee\\backend\\src\\middlewares\\auth.middleware.js": {"path":"C:\\Users\\SABARISH\\Desktop\\Employee\\backend\\src\\middlewares\\auth.middleware.js","statementMap":{"0":{"start":{"line":1,"column":17},"end":{"line":1,"column":46}},"1":{"start":{"line":2,"column":21},"end":{"line":2,"column":53}},"2":{"start":{"line":5,"column":2},"end":{"line":46,"column":3}},"3":{"start":{"line":6,"column":23},"end":{"line":6,"column":48}},"4":{"start":{"line":8,"column":4},"end":{"line":10,"column":5}},"5":{"start":{"line":9,"column":6},"end":{"line":9,"column":66}},"6":{"start":{"line":12,"column":18},"end":{"line":12,"column":41}},"7":{"start":{"line":14,"column":4},"end":{"line":16,"column":5}},"8":{"start":{"line":15,"column":6},"end":{"line":15,"column":54}},"9":{"start":{"line":18,"column":38},"end":{"line":18,"column":72}},"10":{"start":{"line":20,"column":4},"end":{"line":22,"column":5}},"11":{"start":{"line":21,"column":6},"end":{"line":21,"column":58}},"12":{"start":{"line":24,"column":53},"end":{"line":28,"column":15}},"13":{"start":{"line":30,"column":4},"end":{"line":32,"column":5}},"14":{"start":{"line":31,"column":6},"end":{"line":31,"column":59}},"15":{"start":{"line":34,"column":4},"end":{"line":40,"column":6}},"16":{"start":{"line":42,"column":4},"end":{"line":42,"column":11}},"17":{"start":{"line":45,"column":4},"end":{"line":45,"column":16}},"18":{"start":{"line":50,"column":2},"end":{"line":96,"column":3}},"19":{"start":{"line":51,"column":23},"end":{"line":51,"column":48}},"20":{"start":{"line":53,"column":4},"end":{"line":56,"column":5}},"21":{"start":{"line":54,"column":6},"end":{"line":54,"column":22}},"22":{"start":{"line":55,"column":6},"end":{"line":55,"column":20}},"23":{"start":{"line":58,"column":18},"end":{"line":58,"column":41}},"24":{"start":{"line":60,"column":4},"end":{"line":63,"column":5}},"25":{"start":{"line":61,"column":6},"end":{"line":61,"column":22}},"26":{"start":{"line":62,"column":6},"end":{"line":62,"column":20}},"27":{"start":{"line":65,"column":38},"end":{"line":65,"column":72}},"28":{"start":{"line":67,"column":4},"end":{"line":70,"column":5}},"29":{"start":{"line":68,"column":6},"end":{"line":68,"column":22}},"30":{"start":{"line":69,"column":6},"end":{"line":69,"column":20}},"31":{"start":{"line":72,"column":53},"end":{"line":76,"column":15}},"32":{"start":{"line":78,"column":4},"end":{"line":81,"column":5}},"33":{"start":{"line":79,"column":6},"end":{"line":79,"column":22}},"34":{"start":{"line":80,"column":6},"end":{"line":80,"column":20}},"35":{"start":{"line":83,"column":4},"end":{"line":89,"column":6}},"36":{"start":{"line":91,"column":4},"end":{"line":91,"column":11}},"37":{"start":{"line":94,"column":4},"end":{"line":94,"column":20}},"38":{"start":{"line":95,"column":4},"end":{"line":95,"column":11}},"39":{"start":{"line":99,"column":0},"end":{"line":102,"column":2}}},"fnMap":{"0":{"name":"verifyAuth","decl":{"start":{"line":4,"column":15},"end":{"line":4,"column":25}},"loc":{"start":{"line":4,"column":42},"end":{"line":47,"column":1}},"line":4},"1":{"name":"optionalAuth","decl":{"start":{"line":49,"column":15},"end":{"line":49,"column":27}},"loc":{"start":{"line":49,"column":44},"end":{"line":97,"column":1}},"line":49}},"branchMap":{"0":{"loc":{"start":{"line":8,"column":4},"end":{"line":10,"column":5}},"type":"if","locations":[{"start":{"line":8,"column":4},"end":{"line":10,"column":5}},{"start":{},"end":{}}],"line":8},"1":{"loc":{"start":{"line":8,"column":8},"end":{"line":8,"column":56}},"type":"binary-expr","locations":[{"start":{"line":8,"column":8},"end":{"line":8,"column":19}},{"start":{"line":8,"column":23},"end":{"line":8,"column":56}}],"line":8},"2":{"loc":{"start":{"line":14,"column":4},"end":{"line":16,"column":5}},"type":"if","locations":[{"start":{"line":14,"column":4},"end":{"line":16,"column":5}},{"start":{},"end":{}}],"line":14},"3":{"loc":{"start":{"line":20,"column":4},"end":{"line":22,"column":5}},"type":"if","locations":[{"start":{"line":20,"column":4},"end":{"line":22,"column":5}},{"start":{},"end":{}}],"line":20},"4":{"loc":{"start":{"line":20,"column":8},"end":{"line":20,"column":22}},"type":"binary-expr","locations":[{"start":{"line":20,"column":8},"end":{"line":20,"column":13}},{"start":{"line":20,"column":17},"end":{"line":20,"column":22}}],"line":20},"5":{"loc":{"start":{"line":30,"column":4},"end":{"line":32,"column":5}},"type":"if","locations":[{"start":{"line":30,"column":4},"end":{"line":32,"column":5}},{"start":{},"end":{}}],"line":30},"6":{"loc":{"start":{"line":30,"column":8},"end":{"line":30,"column":34}},"type":"binary-expr","locations":[{"start":{"line":30,"column":8},"end":{"line":30,"column":21}},{"start":{"line":30,"column":25},"end":{"line":30,"column":34}}],"line":30},"7":{"loc":{"start":{"line":53,"column":4},"end":{"line":56,"column":5}},"type":"if","locations":[{"start":{"line":53,"column":4},"end":{"line":56,"column":5}},{"start":{},"end":{}}],"line":53},"8":{"loc":{"start":{"line":53,"column":8},"end":{"line":53,"column":56}},"type":"binary-expr","locations":[{"start":{"line":53,"column":8},"end":{"line":53,"column":19}},{"start":{"line":53,"column":23},"end":{"line":53,"column":56}}],"line":53},"9":{"loc":{"start":{"line":60,"column":4},"end":{"line":63,"column":5}},"type":"if","locations":[{"start":{"line":60,"column":4},"end":{"line":63,"column":5}},{"start":{},"end":{}}],"line":60},"10":{"loc":{"start":{"line":67,"column":4},"end":{"line":70,"column":5}},"type":"if","locations":[{"start":{"line":67,"column":4},"end":{"line":70,"column":5}},{"start":{},"end":{}}],"line":67},"11":{"loc":{"start":{"line":67,"column":8},"end":{"line":67,"column":22}},"type":"binary-expr","locations":[{"start":{"line":67,"column":8},"end":{"line":67,"column":13}},{"start":{"line":67,"column":17},"end":{"line":67,"column":22}}],"line":67},"12":{"loc":{"start":{"line":78,"column":4},"end":{"line":81,"column":5}},"type":"if","locations":[{"start":{"line":78,"column":4},"end":{"line":81,"column":5}},{"start":{},"end":{}}],"line":78},"13":{"loc":{"start":{"line":78,"column":8},"end":{"line":78,"column":34}},"type":"binary-expr","locations":[{"start":{"line":78,"column":8},"end":{"line":78,"column":21}},{"start":{"line":78,"column":25},"end":{"line":78,"column":34}}],"line":78}},"s":{"0":1,"1":1,"2":7,"3":7,"4":7,"5":2,"6":5,"7":5,"8":1,"9":4,"10":4,"11":1,"12":3,"13":3,"14":1,"15":2,"16":2,"17":5,"18":0,"19":0,"20":0,"21":0,"22":0,"23":0,"24":0,"25":0,"26":0,"27":0,"28":0,"29":0,"30":0,"31":0,"32":0,"33":0,"34":0,"35":0,"36":0,"37":0,"38":0,"39":1},"f":{"0":7,"1":0},"b":{"0":[2,5],"1":[7,6],"2":[1,4],"3":[1,3],"4":[4,3],"5":[1,2],"6":[3,2],"7":[0,0],"8":[0,0],"9":[0,0],"10":[0,0],"11":[0,0],"12":[0,0],"13":[0,0]},"_coverageSchema":"1a1c01bbd47fc00a2c39e90264f33305004495a9","hash":"72ad003bbf567b980c9a3e4a03a3f60fa3c8e771"}
,"C:\\Users\\SABARISH\\Desktop\\Employee\\backend\\src\\middlewares\\index.js": {"path":"C:\\Users\\SABARISH\\Desktop\\Employee\\backend\\src\\middlewares\\index.js","statementMap":{"0":{"start":{"line":8,"column":37},"end":{"line":8,"column":65}},"1":{"start":{"line":9,"column":71},"end":{"line":9,"column":99}},"2":{"start":{"line":15,"column":4},"end":{"line":15,"column":37}},"3":{"start":{"line":20,"column":4},"end":{"line":20,"column":38}},"4":{"start":{"line":22,"column":0},"end":{"line":41,"column":2}}},"fnMap":{},"branchMap":{},"s":{"0":0,"1":0,"2":0,"3":0,"4":0},"f":{},"b":{}}
,"C:\\Users\\SABARISH\\Desktop\\Employee\\backend\\src\\middlewares\\role.middleware.js": {"path":"C:\\Users\\SABARISH\\Desktop\\Employee\\backend\\src\\middlewares\\role.middleware.js","statementMap":{"0":{"start":{"line":8,"column":21},"end":{"line":8,"column":53}},"1":{"start":{"line":21,"column":2},"end":{"line":37,"column":3}},"2":{"start":{"line":23,"column":4},"end":{"line":25,"column":5}},"3":{"start":{"line":24,"column":6},"end":{"line":24,"column":57}},"4":{"start":{"line":28,"column":4},"end":{"line":30,"column":5}},"5":{"start":{"line":29,"column":6},"end":{"line":29,"column":75}},"6":{"start":{"line":33,"column":4},"end":{"line":33,"column":11}},"7":{"start":{"line":36,"column":4},"end":{"line":36,"column":16}},"8":{"start":{"line":51,"column":2},"end":{"line":67,"column":3}},"9":{"start":{"line":53,"column":4},"end":{"line":55,"column":5}},"10":{"start":{"line":54,"column":6},"end":{"line":54,"column":57}},"11":{"start":{"line":58,"column":4},"end":{"line":60,"column":5}},"12":{"start":{"line":59,"column":6},"end":{"line":59,"column":70}},"13":{"start":{"line":63,"column":4},"end":{"line":63,"column":11}},"14":{"start":{"line":66,"column":4},"end":{"line":66,"column":16}},"15":{"start":{"line":81,"column":2},"end":{"line":91,"column":3}},"16":{"start":{"line":82,"column":4},"end":{"line":84,"column":5}},"17":{"start":{"line":83,"column":6},"end":{"line":83,"column":57}},"18":{"start":{"line":87,"column":4},"end":{"line":87,"column":11}},"19":{"start":{"line":90,"column":4},"end":{"line":90,"column":16}},"20":{"start":{"line":108,"column":2},"end":{"line":138,"column":4}},"21":{"start":{"line":109,"column":4},"end":{"line":137,"column":5}},"22":{"start":{"line":111,"column":6},"end":{"line":113,"column":7}},"23":{"start":{"line":112,"column":8},"end":{"line":112,"column":59}},"24":{"start":{"line":116,"column":6},"end":{"line":118,"column":7}},"25":{"start":{"line":117,"column":8},"end":{"line":117,"column":22}},"26":{"start":{"line":121,"column":25},"end":{"line":121,"column":69}},"27":{"start":{"line":123,"column":6},"end":{"line":125,"column":7}},"28":{"start":{"line":124,"column":8},"end":{"line":124,"column":60}},"29":{"start":{"line":128,"column":6},"end":{"line":130,"column":7}},"30":{"start":{"line":129,"column":8},"end":{"line":129,"column":90}},"31":{"start":{"line":133,"column":6},"end":{"line":133,"column":13}},"32":{"start":{"line":136,"column":6},"end":{"line":136,"column":18}},"33":{"start":{"line":141,"column":0},"end":{"line":146,"column":2}}},"fnMap":{"0":{"name":"requireAdmin","decl":{"start":{"line":20,"column":9},"end":{"line":20,"column":21}},"loc":{"start":{"line":20,"column":38},"end":{"line":38,"column":1}},"line":20},"1":{"name":"requireEmployee","decl":{"start":{"line":50,"column":9},"end":{"line":50,"column":24}},"loc":{"start":{"line":50,"column":41},"end":{"line":68,"column":1}},"line":50},"2":{"name":"requireAuth","decl":{"start":{"line":80,"column":9},"end":{"line":80,"column":20}},"loc":{"start":{"line":80,"column":37},"end":{"line":92,"column":1}},"line":80},"3":{"name":"checkOwnership","decl":{"start":{"line":107,"column":9},"end":{"line":107,"column":23}},"loc":{"start":{"line":107,"column":42},"end":{"line":139,"column":1}},"line":107},"4":{"name":"(anonymous_4)","decl":{"start":{"line":108,"column":9},"end":{"line":108,"column":10}},"loc":{"start":{"line":108,"column":35},"end":{"line":138,"column":3}},"line":108}},"branchMap":{"0":{"loc":{"start":{"line":23,"column":4},"end":{"line":25,"column":5}},"type":"if","locations":[{"start":{"line":23,"column":4},"end":{"line":25,"column":5}},{"start":{},"end":{}}],"line":23},"1":{"loc":{"start":{"line":28,"column":4},"end":{"line":30,"column":5}},"type":"if","locations":[{"start":{"line":28,"column":4},"end":{"line":30,"column":5}},{"start":{},"end":{}}],"line":28},"2":{"loc":{"start":{"line":53,"column":4},"end":{"line":55,"column":5}},"type":"if","locations":[{"start":{"line":53,"column":4},"end":{"line":55,"column":5}},{"start":{},"end":{}}],"line":53},"3":{"loc":{"start":{"line":58,"column":4},"end":{"line":60,"column":5}},"type":"if","locations":[{"start":{"line":58,"column":4},"end":{"line":60,"column":5}},{"start":{},"end":{}}],"line":58},"4":{"loc":{"start":{"line":82,"column":4},"end":{"line":84,"column":5}},"type":"if","locations":[{"start":{"line":82,"column":4},"end":{"line":84,"column":5}},{"start":{},"end":{}}],"line":82},"5":{"loc":{"start":{"line":107,"column":24},"end":{"line":107,"column":40}},"type":"default-arg","locations":[{"start":{"line":107,"column":36},"end":{"line":107,"column":40}}],"line":107},"6":{"loc":{"start":{"line":111,"column":6},"end":{"line":113,"column":7}},"type":"if","locations":[{"start":{"line":111,"column":6},"end":{"line":113,"column":7}},{"start":{},"end":{}}],"line":111},"7":{"loc":{"start":{"line":116,"column":6},"end":{"line":118,"column":7}},"type":"if","locations":[{"start":{"line":116,"column":6},"end":{"line":118,"column":7}},{"start":{},"end":{}}],"line":116},"8":{"loc":{"start":{"line":121,"column":25},"end":{"line":121,"column":69}},"type":"binary-expr","locations":[{"start":{"line":121,"column":25},"end":{"line":121,"column":46}},{"start":{"line":121,"column":50},"end":{"line":121,"column":69}}],"line":121},"9":{"loc":{"start":{"line":123,"column":6},"end":{"line":125,"column":7}},"type":"if","locations":[{"start":{"line":123,"column":6},"end":{"line":125,"column":7}},{"start":{},"end":{}}],"line":123},"10":{"loc":{"start":{"line":128,"column":6},"end":{"line":130,"column":7}},"type":"if","locations":[{"start":{"line":128,"column":6},"end":{"line":130,"column":7}},{"start":{},"end":{}}],"line":128}},"s":{"0":0,"1":0,"2":0,"3":0,"4":0,"5":0,"6":0,"7":0,"8":0,"9":0,"10":0,"11":0,"12":0,"13":0,"14":0,"15":0,"16":0,"17":0,"18":0,"19":0,"20":0,"21":0,"22":0,"23":0,"24":0,"25":0,"26":0,"27":0,"28":0,"29":0,"30":0,"31":0,"32":0,"33":0},"f":{"0":0,"1":0,"2":0,"3":0,"4":0},"b":{"0":[0,0],"1":[0,0],"2":[0,0],"3":[0,0],"4":[0,0],"5":[0],"6":[0,0],"7":[0,0],"8":[0,0],"9":[0,0],"10":[0,0]}}
,"C:\\Users\\SABARISH\\Desktop\\Employee\\backend\\src\\middlewares\\validation.middleware.js": {"path":"C:\\Users\\SABARISH\\Desktop\\Employee\\backend\\src\\middlewares\\validation.middleware.js","statementMap":{"0":{"start":{"line":6,"column":4},"end":{"line":6,"column":34}},"1":{"start":{"line":7,"column":21},"end":{"line":7,"column":53}},"2":{"start":{"line":10,"column":2},"end":{"line":44,"column":3}},"3":{"start":{"line":11,"column":76},"end":{"line":11,"column":84}},"4":{"start":{"line":13,"column":4},"end":{"line":20,"column":7}},"5":{"start":{"line":22,"column":4},"end":{"line":22,"column":58}},"6":{"start":{"line":23,"column":4},"end":{"line":23,"column":56}},"7":{"start":{"line":24,"column":4},"end":{"line":24,"column":25}},"8":{"start":{"line":25,"column":4},"end":{"line":25,"column":25}},"9":{"start":{"line":26,"column":4},"end":{"line":26,"column":54}},"10":{"start":{"line":28,"column":16},"end":{"line":28,"column":39}},"11":{"start":{"line":29,"column":4},"end":{"line":31,"column":5}},"12":{"start":{"line":30,"column":6},"end":{"line":30,"column":62}},"13":{"start":{"line":33,"column":16},"end":{"line":33,"column":64}},"14":{"start":{"line":34,"column":4},"end":{"line":36,"column":5}},"15":{"start":{"line":35,"column":6},"end":{"line":35,"column":72}},"16":{"start":{"line":37,"column":4},"end":{"line":39,"column":5}},"17":{"start":{"line":38,"column":6},"end":{"line":38,"column":55}},"18":{"start":{"line":41,"column":4},"end":{"line":41,"column":11}},"19":{"start":{"line":43,"column":4},"end":{"line":43,"column":16}},"20":{"start":{"line":48,"column":2},"end":{"line":58,"column":3}},"21":{"start":{"line":49,"column":32},"end":{"line":49,"column":40}},"22":{"start":{"line":51,"column":4},"end":{"line":51,"column":60}},"23":{"start":{"line":52,"column":4},"end":{"line":52,"column":25}},"24":{"start":{"line":53,"column":4},"end":{"line":53,"column":55}},"25":{"start":{"line":55,"column":4},"end":{"line":55,"column":11}},"26":{"start":{"line":57,"column":4},"end":{"line":57,"column":16}},"27":{"start":{"line":62,"column":2},"end":{"line":79,"column":3}},"28":{"start":{"line":63,"column":59},"end":{"line":63,"column":67}},"29":{"start":{"line":65,"column":4},"end":{"line":65,"column":85}},"30":{"start":{"line":67,"column":4},"end":{"line":67,"column":25}},"31":{"start":{"line":68,"column":4},"end":{"line":68,"column":55}},"32":{"start":{"line":69,"column":4},"end":{"line":69,"column":57}},"33":{"start":{"line":70,"column":4},"end":{"line":70,"column":55}},"34":{"start":{"line":72,"column":4},"end":{"line":74,"column":5}},"35":{"start":{"line":73,"column":6},"end":{"line":73,"column":75}},"36":{"start":{"line":76,"column":4},"end":{"line":76,"column":11}},"37":{"start":{"line":78,"column":4},"end":{"line":78,"column":16}},"38":{"start":{"line":83,"column":2},"end":{"line":105,"column":3}},"39":{"start":{"line":84,"column":29},"end":{"line":84,"column":37}},"40":{"start":{"line":85,"column":25},"end":{"line":85,"column":63}},"41":{"start":{"line":87,"column":4},"end":{"line":89,"column":5}},"42":{"start":{"line":88,"column":6},"end":{"line":88,"column":59}},"43":{"start":{"line":91,"column":4},"end":{"line":96,"column":5}},"44":{"start":{"line":92,"column":6},"end":{"line":95,"column":8}},"45":{"start":{"line":98,"column":4},"end":{"line":100,"column":5}},"46":{"start":{"line":99,"column":6},"end":{"line":99,"column":50}},"47":{"start":{"line":102,"column":4},"end":{"line":102,"column":11}},"48":{"start":{"line":104,"column":4},"end":{"line":104,"column":16}},"49":{"start":{"line":109,"column":2},"end":{"line":118,"column":3}},"50":{"start":{"line":110,"column":24},"end":{"line":110,"column":32}},"51":{"start":{"line":112,"column":4},"end":{"line":112,"column":50}},"52":{"start":{"line":113,"column":4},"end":{"line":113,"column":54}},"53":{"start":{"line":115,"column":4},"end":{"line":115,"column":11}},"54":{"start":{"line":117,"column":4},"end":{"line":117,"column":16}},"55":{"start":{"line":121,"column":0},"end":{"line":127,"column":2}}},"fnMap":{"0":{"name":"validateOnboardingRequest","decl":{"start":{"line":9,"column":9},"end":{"line":9,"column":34}},"loc":{"start":{"line":9,"column":51},"end":{"line":45,"column":1}},"line":9},"1":{"name":"validateLoginRequest","decl":{"start":{"line":47,"column":9},"end":{"line":47,"column":29}},"loc":{"start":{"line":47,"column":46},"end":{"line":59,"column":1}},"line":47},"2":{"name":"validateRegisterRequest","decl":{"start":{"line":61,"column":9},"end":{"line":61,"column":32}},"loc":{"start":{"line":61,"column":49},"end":{"line":80,"column":1}},"line":61},"3":{"name":"validateDocumentUpload","decl":{"start":{"line":82,"column":9},"end":{"line":82,"column":31}},"loc":{"start":{"line":82,"column":48},"end":{"line":106,"column":1}},"line":82},"4":{"name":"validateRejectRequest","decl":{"start":{"line":108,"column":9},"end":{"line":108,"column":30}},"loc":{"start":{"line":108,"column":47},"end":{"line":119,"column":1}},"line":108}},"branchMap":{"0":{"loc":{"start":{"line":29,"column":4},"end":{"line":31,"column":5}},"type":"if","locations":[{"start":{"line":29,"column":4},"end":{"line":31,"column":5}},{"start":{},"end":{}}],"line":29},"1":{"loc":{"start":{"line":34,"column":4},"end":{"line":36,"column":5}},"type":"if","locations":[{"start":{"line":34,"column":4},"end":{"line":36,"column":5}},{"start":{},"end":{}}],"line":34},"2":{"loc":{"start":{"line":37,"column":4},"end":{"line":39,"column":5}},"type":"if","locations":[{"start":{"line":37,"column":4},"end":{"line":39,"column":5}},{"start":{},"end":{}}],"line":37},"3":{"loc":{"start":{"line":72,"column":4},"end":{"line":74,"column":5}},"type":"if","locations":[{"start":{"line":72,"column":4},"end":{"line":74,"column":5}},{"start":{},"end":{}}],"line":72},"4":{"loc":{"start":{"line":72,"column":8},"end":{"line":72,"column":53}},"type":"binary-expr","locations":[{"start":{"line":72,"column":8},"end":{"line":72,"column":12}},{"start":{"line":72,"column":16},"end":{"line":72,"column":53}}],"line":72},"5":{"loc":{"start":{"line":87,"column":4},"end":{"line":89,"column":5}},"type":"if","locations":[{"start":{"line":87,"column":4},"end":{"line":89,"column":5}},{"start":{},"end":{}}],"line":87},"6":{"loc":{"start":{"line":91,"column":4},"end":{"line":96,"column":5}},"type":"if","locations":[{"start":{"line":91,"column":4},"end":{"line":96,"column":5}},{"start":{},"end":{}}],"line":91},"7":{"loc":{"start":{"line":98,"column":4},"end":{"line":100,"column":5}},"type":"if","locations":[{"start":{"line":98,"column":4},"end":{"line":100,"column":5}},{"start":{},"end":{}}],"line":98}},"s":{"0":0,"1":0,"2":0,"3":0,"4":0,"5":0,"6":0,"7":0,"8":0,"9":0,"10":0,"11":0,"12":0,"13":0,"14":0,"15":0,"16":0,"17":0,"18":0,"19":0,"20":0,"21":0,"22":0,"23":0,"24":0,"25":0,"26":0,"27":0,"28":0,"29":0,"30":0,"31":0,"32":0,"33":0,"34":0,"35":0,"36":0,"37":0,"38":0,"39":0,"40":0,"41":0,"42":0,"43":0,"44":0,"45":0,"46":0,"47":0,"48":0,"49":0,"50":0,"51":0,"52":0,"53":0,"54":0,"55":0},"f":{"0":0,"1":0,"2":0,"3":0,"4":0},"b":{"0":[0,0],"1":[0,0],"2":[0,0],"3":[0,0],"4":[0,0],"5":[0,0],"6":[0,0],"7":[0,0]}}
,"C:\\Users\\SABARISH\\Desktop\\Employee\\backend\\src\\middlewares\\validator.middleware.js": {"path":"C:\\Users\\SABARISH\\Desktop\\Employee\\backend\\src\\middlewares\\validator.middleware.js","statementMap":{"0":{"start":{"line":14,"column":4},"end":{"line":14,"column":34}},"1":{"start":{"line":15,"column":21},"end":{"line":15,"column":53}},"2":{"start":{"line":27,"column":2},"end":{"line":69,"column":3}},"3":{"start":{"line":28,"column":76},"end":{"line":28,"column":84}},"4":{"start":{"line":31,"column":4},"end":{"line":38,"column":7}},"5":{"start":{"line":41,"column":4},"end":{"line":41,"column":58}},"6":{"start":{"line":42,"column":4},"end":{"line":42,"column":56}},"7":{"start":{"line":43,"column":4},"end":{"line":43,"column":25}},"8":{"start":{"line":44,"column":4},"end":{"line":44,"column":25}},"9":{"start":{"line":45,"column":4},"end":{"line":45,"column":54}},"10":{"start":{"line":48,"column":16},"end":{"line":48,"column":39}},"11":{"start":{"line":49,"column":4},"end":{"line":51,"column":5}},"12":{"start":{"line":50,"column":6},"end":{"line":50,"column":62}},"13":{"start":{"line":54,"column":4},"end":{"line":56,"column":5}},"14":{"start":{"line":55,"column":6},"end":{"line":55,"column":71}},"15":{"start":{"line":59,"column":16},"end":{"line":59,"column":79}},"16":{"start":{"line":60,"column":4},"end":{"line":62,"column":5}},"17":{"start":{"line":61,"column":6},"end":{"line":61,"column":72}},"18":{"start":{"line":65,"column":4},"end":{"line":65,"column":11}},"19":{"start":{"line":68,"column":4},"end":{"line":68,"column":16}},"20":{"start":{"line":82,"column":2},"end":{"line":90,"column":4}},"21":{"start":{"line":83,"column":4},"end":{"line":89,"column":5}},"22":{"start":{"line":84,"column":20},"end":{"line":84,"column":41}},"23":{"start":{"line":85,"column":6},"end":{"line":85,"column":37}},"24":{"start":{"line":86,"column":6},"end":{"line":86,"column":13}},"25":{"start":{"line":88,"column":6},"end":{"line":88,"column":18}},"26":{"start":{"line":104,"column":2},"end":{"line":153,"column":3}},"27":{"start":{"line":105,"column":4},"end":{"line":107,"column":5}},"28":{"start":{"line":106,"column":6},"end":{"line":106,"column":50}},"29":{"start":{"line":110,"column":25},"end":{"line":117,"column":5}},"30":{"start":{"line":120,"column":4},"end":{"line":125,"column":5}},"31":{"start":{"line":121,"column":6},"end":{"line":124,"column":8}},"32":{"start":{"line":128,"column":20},"end":{"line":128,"column":35}},"33":{"start":{"line":129,"column":4},"end":{"line":131,"column":5}},"34":{"start":{"line":130,"column":6},"end":{"line":130,"column":63}},"35":{"start":{"line":134,"column":4},"end":{"line":134,"column":81}},"36":{"start":{"line":137,"column":26},"end":{"line":137,"column":87}},"37":{"start":{"line":138,"column":4},"end":{"line":143,"column":5}},"38":{"start":{"line":139,"column":6},"end":{"line":142,"column":8}},"39":{"start":{"line":146,"column":4},"end":{"line":146,"column":74}},"40":{"start":{"line":149,"column":4},"end":{"line":149,"column":11}},"41":{"start":{"line":152,"column":4},"end":{"line":152,"column":16}},"42":{"start":{"line":166,"column":2},"end":{"line":198,"column":3}},"43":{"start":{"line":167,"column":32},"end":{"line":167,"column":40}},"44":{"start":{"line":170,"column":4},"end":{"line":172,"column":5}},"45":{"start":{"line":171,"column":6},"end":{"line":171,"column":52}},"46":{"start":{"line":175,"column":26},"end":{"line":175,"column":50}},"47":{"start":{"line":176,"column":4},"end":{"line":181,"column":5}},"48":{"start":{"line":177,"column":6},"end":{"line":180,"column":8}},"49":{"start":{"line":184,"column":4},"end":{"line":186,"column":5}},"50":{"start":{"line":185,"column":6},"end":{"line":185,"column":69}},"51":{"start":{"line":189,"column":4},"end":{"line":191,"column":5}},"52":{"start":{"line":190,"column":6},"end":{"line":190,"column":56}},"53":{"start":{"line":194,"column":4},"end":{"line":194,"column":11}},"54":{"start":{"line":197,"column":4},"end":{"line":197,"column":16}},"55":{"start":{"line":201,"column":0},"end":{"line":206,"column":2}}},"fnMap":{"0":{"name":"validateOnboardingRequest","decl":{"start":{"line":26,"column":9},"end":{"line":26,"column":34}},"loc":{"start":{"line":26,"column":51},"end":{"line":70,"column":1}},"line":26},"1":{"name":"validateUUIDParam","decl":{"start":{"line":81,"column":9},"end":{"line":81,"column":26}},"loc":{"start":{"line":81,"column":45},"end":{"line":91,"column":1}},"line":81},"2":{"name":"(anonymous_2)","decl":{"start":{"line":82,"column":9},"end":{"line":82,"column":10}},"loc":{"start":{"line":82,"column":29},"end":{"line":90,"column":3}},"line":82},"3":{"name":"validateDocumentUpload","decl":{"start":{"line":103,"column":9},"end":{"line":103,"column":31}},"loc":{"start":{"line":103,"column":48},"end":{"line":154,"column":1}},"line":103},"4":{"name":"validateStatusUpdate","decl":{"start":{"line":165,"column":9},"end":{"line":165,"column":29}},"loc":{"start":{"line":165,"column":46},"end":{"line":199,"column":1}},"line":165}},"branchMap":{"0":{"loc":{"start":{"line":49,"column":4},"end":{"line":51,"column":5}},"type":"if","locations":[{"start":{"line":49,"column":4},"end":{"line":51,"column":5}},{"start":{},"end":{}}],"line":49},"1":{"loc":{"start":{"line":54,"column":4},"end":{"line":56,"column":5}},"type":"if","locations":[{"start":{"line":54,"column":4},"end":{"line":56,"column":5}},{"start":{},"end":{}}],"line":54},"2":{"loc":{"start":{"line":60,"column":4},"end":{"line":62,"column":5}},"type":"if","locations":[{"start":{"line":60,"column":4},"end":{"line":62,"column":5}},{"start":{},"end":{}}],"line":60},"3":{"loc":{"start":{"line":81,"column":27},"end":{"line":81,"column":43}},"type":"default-arg","locations":[{"start":{"line":81,"column":39},"end":{"line":81,"column":43}}],"line":81},"4":{"loc":{"start":{"line":105,"column":4},"end":{"line":107,"column":5}},"type":"if","locations":[{"start":{"line":105,"column":4},"end":{"line":107,"column":5}},{"start":{},"end":{}}],"line":105},"5":{"loc":{"start":{"line":120,"column":4},"end":{"line":125,"column":5}},"type":"if","locations":[{"start":{"line":120,"column":4},"end":{"line":125,"column":5}},{"start":{},"end":{}}],"line":120},"6":{"loc":{"start":{"line":129,"column":4},"end":{"line":131,"column":5}},"type":"if","locations":[{"start":{"line":129,"column":4},"end":{"line":131,"column":5}},{"start":{},"end":{}}],"line":129},"7":{"loc":{"start":{"line":138,"column":4},"end":{"line":143,"column":5}},"type":"if","locations":[{"start":{"line":138,"column":4},"end":{"line":143,"column":5}},{"start":{},"end":{}}],"line":138},"8":{"loc":{"start":{"line":170,"column":4},"end":{"line":172,"column":5}},"type":"if","locations":[{"start":{"line":170,"column":4},"end":{"line":172,"column":5}},{"start":{},"end":{}}],"line":170},"9":{"loc":{"start":{"line":176,"column":4},"end":{"line":181,"column":5}},"type":"if","locations":[{"start":{"line":176,"column":4},"end":{"line":181,"column":5}},{"start":{},"end":{}}],"line":176},"10":{"loc":{"start":{"line":184,"column":4},"end":{"line":186,"column":5}},"type":"if","locations":[{"start":{"line":184,"column":4},"end":{"line":186,"column":5}},{"start":{},"end":{}}],"line":184},"11":{"loc":{"start":{"line":184,"column":8},"end":{"line":184,"column":68}},"type":"binary-expr","locations":[{"start":{"line":184,"column":8},"end":{"line":184,"column":29}},{"start":{"line":184,"column":34},"end":{"line":184,"column":42}},{"start":{"line":184,"column":46},"end":{"line":184,"column":67}}],"line":184},"12":{"loc":{"start":{"line":189,"column":4},"end":{"line":191,"column":5}},"type":"if","locations":[{"start":{"line":189,"column":4},"end":{"line":191,"column":5}},{"start":{},"end":{}}],"line":189}},"s":{"0":0,"1":0,"2":0,"3":0,"4":0,"5":0,"6":0,"7":0,"8":0,"9":0,"10":0,"11":0,"12":0,"13":0,"14":0,"15":0,"16":0,"17":0,"18":0,"19":0,"20":0,"21":0,"22":0,"23":0,"24":0,"25":0,"26":0,"27":0,"28":0,"29":0,"30":0,"31":0,"32":0,"33":0,"34":0,"35":0,"36":0,"37":0,"38":0,"39":0,"40":0,"41":0,"42":0,"43":0,"44":0,"45":0,"46":0,"47":0,"48":0,"49":0,"50":0,"51":0,"52":0,"53":0,"54":0,"55":0},"f":{"0":0,"1":0,"2":0,"3":0,"4":0},"b":{"0":[0,0],"1":[0,0],"2":[0,0],"3":[0],"4":[0,0],"5":[0,0],"6":[0,0],"7":[0,0],"8":[0,0],"9":[0,0],"10":[0,0],"11":[0,0,0],"12":[0,0]}}
,"C:\\Users\\SABARISH\\Desktop\\Employee\\backend\\src\\routes\\admin.routes.js": {"path":"C:\\Users\\SABARISH\\Desktop\\Employee\\backend\\src\\routes\\admin.routes.js","statementMap":{"0":{"start":{"line":8,"column":16},"end":{"line":8,"column":34}},"1":{"start":{"line":9,"column":15},"end":{"line":9,"column":31}},"2":{"start":{"line":15,"column":4},"end":{"line":15,"column":29}},"3":{"start":{"line":23,"column":4},"end":{"line":23,"column":46}},"4":{"start":{"line":28,"column":0},"end":{"line":28,"column":23}},"5":{"start":{"line":29,"column":0},"end":{"line":29,"column":25}},"6":{"start":{"line":35,"column":0},"end":{"line":35,"column":50}},"7":{"start":{"line":41,"column":0},"end":{"line":41,"column":54}},"8":{"start":{"line":47,"column":0},"end":{"line":47,"column":42}},"9":{"start":{"line":53,"column":0},"end":{"line":57,"column":2}},"10":{"start":{"line":63,"column":0},"end":{"line":68,"column":2}},"11":{"start":{"line":74,"column":0},"end":{"line":79,"column":2}},"12":{"start":{"line":81,"column":0},"end":{"line":81,"column":24}}},"fnMap":{},"branchMap":{},"s":{"0":0,"1":0,"2":0,"3":0,"4":0,"5":0,"6":0,"7":0,"8":0,"9":0,"10":0,"11":0,"12":0},"f":{},"b":{}}
,"C:\\Users\\SABARISH\\Desktop\\Employee\\backend\\src\\routes\\document.routes.js": {"path":"C:\\Users\\SABARISH\\Desktop\\Employee\\backend\\src\\routes\\document.routes.js","statementMap":{"0":{"start":{"line":7,"column":16},"end":{"line":7,"column":34}},"1":{"start":{"line":8,"column":15},"end":{"line":8,"column":31}},"2":{"start":{"line":9,"column":15},"end":{"line":9,"column":42}},"3":{"start":{"line":15,"column":4},"end":{"line":15,"column":29}},"4":{"start":{"line":23,"column":4},"end":{"line":23,"column":49}},"5":{"start":{"line":29,"column":0},"end":{"line":35,"column":2}},"6":{"start":{"line":41,"column":0},"end":{"line":46,"column":2}},"7":{"start":{"line":52,"column":0},"end":{"line":57,"column":2}},"8":{"start":{"line":63,"column":0},"end":{"line":68,"column":2}},"9":{"start":{"line":74,"column":0},"end":{"line":79,"column":2}},"10":{"start":{"line":85,"column":0},"end":{"line":90,"column":2}},"11":{"start":{"line":92,"column":0},"end":{"line":92,"column":24}}},"fnMap":{},"branchMap":{},"s":{"0":0,"1":0,"2":0,"3":0,"4":0,"5":0,"6":0,"7":0,"8":0,"9":0,"10":0,"11":0},"f":{},"b":{}}
,"C:\\Users\\SABARISH\\Desktop\\Employee\\backend\\src\\routes\\employee.routes.js": {"path":"C:\\Users\\SABARISH\\Desktop\\Employee\\backend\\src\\routes\\employee.routes.js","statementMap":{"0":{"start":{"line":7,"column":16},"end":{"line":7,"column":34}},"1":{"start":{"line":8,"column":15},"end":{"line":8,"column":31}},"2":{"start":{"line":9,"column":71},"end":{"line":9,"column":96}},"3":{"start":{"line":15,"column":4},"end":{"line":15,"column":49}},"4":{"start":{"line":21,"column":0},"end":{"line":21,"column":45}},"5":{"start":{"line":27,"column":0},"end":{"line":33,"column":2}},"6":{"start":{"line":39,"column":0},"end":{"line":45,"column":2}},"7":{"start":{"line":51,"column":0},"end":{"line":57,"column":2}},"8":{"start":{"line":59,"column":0},"end":{"line":59,"column":24}}},"fnMap":{},"branchMap":{},"s":{"0":0,"1":0,"2":0,"3":0,"4":0,"5":0,"6":0,"7":0,"8":0},"f":{},"b":{}}
,"C:\\Users\\SABARISH\\Desktop\\Employee\\backend\\src\\routes\\index.js": {"path":"C:\\Users\\SABARISH\\Desktop\\Employee\\backend\\src\\routes\\index.js","statementMap":{"0":{"start":{"line":8,"column":16},"end":{"line":8,"column":34}},"1":{"start":{"line":9,"column":15},"end":{"line":9,"column":31}},"2":{"start":{"line":11,"column":23},"end":{"line":11,"column":51}},"3":{"start":{"line":12,"column":25},"end":{"line":12,"column":55}},"4":{"start":{"line":13,"column":23},"end":{"line":13,"column":51}},"5":{"start":{"line":14,"column":20},"end":{"line":14,"column":45}},"6":{"start":{"line":17,"column":0},"end":{"line":17,"column":41}},"7":{"start":{"line":18,"column":0},"end":{"line":18,"column":44}},"8":{"start":{"line":19,"column":0},"end":{"line":19,"column":41}},"9":{"start":{"line":20,"column":0},"end":{"line":20,"column":34}},"10":{"start":{"line":23,"column":0},"end":{"line":35,"column":3}},"11":{"start":{"line":24,"column":2},"end":{"line":34,"column":5}},"12":{"start":{"line":37,"column":0},"end":{"line":37,"column":24}}},"fnMap":{"0":{"name":"(anonymous_0)","decl":{"start":{"line":23,"column":16},"end":{"line":23,"column":17}},"loc":{"start":{"line":23,"column":30},"end":{"line":35,"column":1}},"line":23}},"branchMap":{},"s":{"0":0,"1":0,"2":0,"3":0,"4":0,"5":0,"6":0,"7":0,"8":0,"9":0,"10":0,"11":0,"12":0},"f":{"0":0},"b":{}}
,"C:\\Users\\SABARISH\\Desktop\\Employee\\backend\\src\\routes\\onboarding.routes.js": {"path":"C:\\Users\\SABARISH\\Desktop\\Employee\\backend\\src\\routes\\onboarding.routes.js","statementMap":{"0":{"start":{"line":7,"column":16},"end":{"line":7,"column":34}},"1":{"start":{"line":8,"column":15},"end":{"line":8,"column":31}},"2":{"start":{"line":15,"column":4},"end":{"line":15,"column":29}},"3":{"start":{"line":25,"column":4},"end":{"line":25,"column":51}},"4":{"start":{"line":31,"column":0},"end":{"line":31,"column":54}},"5":{"start":{"line":37,"column":0},"end":{"line":37,"column":54}},"6":{"start":{"line":43,"column":0},"end":{"line":48,"column":2}},"7":{"start":{"line":54,"column":0},"end":{"line":59,"column":2}},"8":{"start":{"line":65,"column":0},"end":{"line":70,"column":2}},"9":{"start":{"line":76,"column":0},"end":{"line":81,"column":2}},"10":{"start":{"line":87,"column":0},"end":{"line":93,"column":2}},"11":{"start":{"line":99,"column":0},"end":{"line":104,"column":2}},"12":{"start":{"line":106,"column":0},"end":{"line":106,"column":24}}},"fnMap":{},"branchMap":{},"s":{"0":0,"1":0,"2":0,"3":0,"4":0,"5":0,"6":0,"7":0,"8":0,"9":0,"10":0,"11":0,"12":0},"f":{},"b":{}}
,"C:\\Users\\SABARISH\\Desktop\\Employee\\backend\\src\\services\\admin.service.js": {"path":"C:\\Users\\SABARISH\\Desktop\\Employee\\backend\\src\\services\\admin.service.js","statementMap":{"0":{"start":{"line":8,"column":17},"end":{"line":8,"column":46}},"1":{"start":{"line":9,"column":21},"end":{"line":9,"column":53}},"2":{"start":{"line":10,"column":25},"end":{"line":10,"column":55}},"3":{"start":{"line":11,"column":29},"end":{"line":11,"column":63}},"4":{"start":{"line":23,"column":2},"end":{"line":61,"column":3}},"5":{"start":{"line":24,"column":17},"end":{"line":24,"column":44}},"6":{"start":{"line":25,"column":18},"end":{"line":25,"column":47}},"7":{"start":{"line":26,"column":19},"end":{"line":26,"column":37}},"8":{"start":{"line":28,"column":35},"end":{"line":40,"column":40}},"9":{"start":{"line":42,"column":4},"end":{"line":45,"column":5}},"10":{"start":{"line":43,"column":6},"end":{"line":43,"column":63}},"11":{"start":{"line":44,"column":6},"end":{"line":44,"column":66}},"12":{"start":{"line":47,"column":4},"end":{"line":55,"column":6}},"13":{"start":{"line":58,"column":4},"end":{"line":58,"column":47}},"14":{"start":{"line":58,"column":35},"end":{"line":58,"column":47}},"15":{"start":{"line":59,"column":4},"end":{"line":59,"column":68}},"16":{"start":{"line":60,"column":4},"end":{"line":60,"column":64}},"17":{"start":{"line":74,"column":2},"end":{"line":122,"column":3}},"18":{"start":{"line":75,"column":17},"end":{"line":75,"column":44}},"19":{"start":{"line":76,"column":18},"end":{"line":76,"column":47}},"20":{"start":{"line":77,"column":19},"end":{"line":77,"column":37}},"21":{"start":{"line":79,"column":16},"end":{"line":91,"column":48}},"22":{"start":{"line":94,"column":4},"end":{"line":96,"column":5}},"23":{"start":{"line":95,"column":6},"end":{"line":95,"column":49}},"24":{"start":{"line":99,"column":4},"end":{"line":99,"column":52}},"25":{"start":{"line":101,"column":35},"end":{"line":101,"column":46}},"26":{"start":{"line":103,"column":4},"end":{"line":106,"column":5}},"27":{"start":{"line":104,"column":6},"end":{"line":104,"column":59}},"28":{"start":{"line":105,"column":6},"end":{"line":105,"column":58}},"29":{"start":{"line":108,"column":4},"end":{"line":116,"column":6}},"30":{"start":{"line":119,"column":4},"end":{"line":119,"column":47}},"31":{"start":{"line":119,"column":35},"end":{"line":119,"column":47}},"32":{"start":{"line":120,"column":4},"end":{"line":120,"column":64}},"33":{"start":{"line":121,"column":4},"end":{"line":121,"column":56}},"34":{"start":{"line":139,"column":2},"end":{"line":193,"column":3}},"35":{"start":{"line":140,"column":4},"end":{"line":140,"column":42}},"36":{"start":{"line":141,"column":4},"end":{"line":141,"column":38}},"37":{"start":{"line":144,"column":49},"end":{"line":148,"column":15}},"38":{"start":{"line":150,"column":4},"end":{"line":152,"column":5}},"39":{"start":{"line":151,"column":6},"end":{"line":151,"column":62}},"40":{"start":{"line":155,"column":4},"end":{"line":160,"column":5}},"41":{"start":{"line":156,"column":6},"end":{"line":159,"column":8}},"42":{"start":{"line":162,"column":50},"end":{"line":171,"column":15}},"43":{"start":{"line":173,"column":4},"end":{"line":176,"column":5}},"44":{"start":{"line":174,"column":6},"end":{"line":174,"column":61}},"45":{"start":{"line":175,"column":6},"end":{"line":175,"column":70}},"46":{"start":{"line":179,"column":4},"end":{"line":185,"column":7}},"47":{"start":{"line":187,"column":4},"end":{"line":187,"column":19}},"48":{"start":{"line":190,"column":4},"end":{"line":190,"column":47}},"49":{"start":{"line":190,"column":35},"end":{"line":190,"column":47}},"50":{"start":{"line":191,"column":4},"end":{"line":191,"column":64}},"51":{"start":{"line":192,"column":4},"end":{"line":192,"column":57}},"52":{"start":{"line":211,"column":2},"end":{"line":270,"column":3}},"53":{"start":{"line":212,"column":4},"end":{"line":212,"column":42}},"54":{"start":{"line":213,"column":4},"end":{"line":213,"column":38}},"55":{"start":{"line":216,"column":4},"end":{"line":218,"column":5}},"56":{"start":{"line":217,"column":6},"end":{"line":217,"column":64}},"57":{"start":{"line":221,"column":49},"end":{"line":225,"column":15}},"58":{"start":{"line":227,"column":4},"end":{"line":229,"column":5}},"59":{"start":{"line":228,"column":6},"end":{"line":228,"column":62}},"60":{"start":{"line":232,"column":4},"end":{"line":237,"column":5}},"61":{"start":{"line":233,"column":6},"end":{"line":236,"column":8}},"62":{"start":{"line":239,"column":50},"end":{"line":248,"column":15}},"63":{"start":{"line":250,"column":4},"end":{"line":253,"column":5}},"64":{"start":{"line":251,"column":6},"end":{"line":251,"column":61}},"65":{"start":{"line":252,"column":6},"end":{"line":252,"column":69}},"66":{"start":{"line":256,"column":4},"end":{"line":262,"column":7}},"67":{"start":{"line":264,"column":4},"end":{"line":264,"column":19}},"68":{"start":{"line":267,"column":4},"end":{"line":267,"column":47}},"69":{"start":{"line":267,"column":35},"end":{"line":267,"column":47}},"70":{"start":{"line":268,"column":4},"end":{"line":268,"column":63}},"71":{"start":{"line":269,"column":4},"end":{"line":269,"column":56}},"72":{"start":{"line":281,"column":2},"end":{"line":316,"column":3}},"73":{"start":{"line":283,"column":38},"end":{"line":285,"column":35}},"74":{"start":{"line":287,"column":4},"end":{"line":290,"column":5}},"75":{"start":{"line":288,"column":6},"end":{"line":288,"column":62}},"76":{"start":{"line":289,"column":6},"end":{"line":289,"column":70}},"77":{"start":{"line":293,"column":18},"end":{"line":293,"column":33}},"78":{"start":{"line":294,"column":20},"end":{"line":294,"column":71}},"79":{"start":{"line":294,"column":41},"end":{"line":294,"column":63}},"80":{"start":{"line":295,"column":21},"end":{"line":295,"column":73}},"81":{"start":{"line":295,"column":42},"end":{"line":295,"column":65}},"82":{"start":{"line":296,"column":21},"end":{"line":296,"column":73}},"83":{"start":{"line":296,"column":42},"end":{"line":296,"column":65}},"84":{"start":{"line":299,"column":25},"end":{"line":299,"column":35}},"85":{"start":{"line":300,"column":4},"end":{"line":300,"column":53}},"86":{"start":{"line":301,"column":19},"end":{"line":301,"column":86}},"87":{"start":{"line":301,"column":40},"end":{"line":301,"column":78}},"88":{"start":{"line":303,"column":4},"end":{"line":310,"column":6}},"89":{"start":{"line":313,"column":4},"end":{"line":313,"column":47}},"90":{"start":{"line":313,"column":35},"end":{"line":313,"column":47}},"91":{"start":{"line":314,"column":4},"end":{"line":314,"column":67}},"92":{"start":{"line":315,"column":4},"end":{"line":315,"column":68}},"93":{"start":{"line":328,"column":2},"end":{"line":378,"column":3}},"94":{"start":{"line":329,"column":4},"end":{"line":329,"column":42}},"95":{"start":{"line":332,"column":51},"end":{"line":352,"column":15}},"96":{"start":{"line":354,"column":4},"end":{"line":356,"column":5}},"97":{"start":{"line":355,"column":6},"end":{"line":355,"column":62}},"98":{"start":{"line":359,"column":32},"end":{"line":363,"column":49}},"99":{"start":{"line":366,"column":20},"end":{"line":366,"column":69}},"100":{"start":{"line":368,"column":4},"end":{"line":372,"column":6}},"101":{"start":{"line":375,"column":4},"end":{"line":375,"column":47}},"102":{"start":{"line":375,"column":35},"end":{"line":375,"column":47}},"103":{"start":{"line":376,"column":4},"end":{"line":376,"column":71}},"104":{"start":{"line":377,"column":4},"end":{"line":377,"column":63}},"105":{"start":{"line":381,"column":0},"end":{"line":388,"column":2}}},"fnMap":{"0":{"name":"getPendingRequests","decl":{"start":{"line":22,"column":15},"end":{"line":22,"column":33}},"loc":{"start":{"line":22,"column":48},"end":{"line":62,"column":1}},"line":22},"1":{"name":"getAllRequests","decl":{"start":{"line":73,"column":15},"end":{"line":73,"column":29}},"loc":{"start":{"line":73,"column":44},"end":{"line":123,"column":1}},"line":73},"2":{"name":"approveRequest","decl":{"start":{"line":138,"column":15},"end":{"line":138,"column":29}},"loc":{"start":{"line":138,"column":66},"end":{"line":194,"column":1}},"line":138},"3":{"name":"rejectRequest","decl":{"start":{"line":210,"column":15},"end":{"line":210,"column":28}},"loc":{"start":{"line":210,"column":58},"end":{"line":271,"column":1}},"line":210},"4":{"name":"getDashboardStats","decl":{"start":{"line":280,"column":15},"end":{"line":280,"column":32}},"loc":{"start":{"line":280,"column":35},"end":{"line":317,"column":1}},"line":280},"5":{"name":"(anonymous_5)","decl":{"start":{"line":294,"column":36},"end":{"line":294,"column":37}},"loc":{"start":{"line":294,"column":41},"end":{"line":294,"column":63}},"line":294},"6":{"name":"(anonymous_6)","decl":{"start":{"line":295,"column":37},"end":{"line":295,"column":38}},"loc":{"start":{"line":295,"column":42},"end":{"line":295,"column":65}},"line":295},"7":{"name":"(anonymous_7)","decl":{"start":{"line":296,"column":37},"end":{"line":296,"column":38}},"loc":{"start":{"line":296,"column":42},"end":{"line":296,"column":65}},"line":296},"8":{"name":"(anonymous_8)","decl":{"start":{"line":301,"column":35},"end":{"line":301,"column":36}},"loc":{"start":{"line":301,"column":40},"end":{"line":301,"column":78}},"line":301},"9":{"name":"getRequestFullDetails","decl":{"start":{"line":327,"column":15},"end":{"line":327,"column":36}},"loc":{"start":{"line":327,"column":48},"end":{"line":379,"column":1}},"line":327}},"branchMap":{"0":{"loc":{"start":{"line":22,"column":34},"end":{"line":22,"column":46}},"type":"default-arg","locations":[{"start":{"line":22,"column":44},"end":{"line":22,"column":46}}],"line":22},"1":{"loc":{"start":{"line":24,"column":17},"end":{"line":24,"column":44}},"type":"binary-expr","locations":[{"start":{"line":24,"column":17},"end":{"line":24,"column":39}},{"start":{"line":24,"column":43},"end":{"line":24,"column":44}}],"line":24},"2":{"loc":{"start":{"line":25,"column":18},"end":{"line":25,"column":47}},"type":"binary-expr","locations":[{"start":{"line":25,"column":18},"end":{"line":25,"column":41}},{"start":{"line":25,"column":45},"end":{"line":25,"column":47}}],"line":25},"3":{"loc":{"start":{"line":42,"column":4},"end":{"line":45,"column":5}},"type":"if","locations":[{"start":{"line":42,"column":4},"end":{"line":45,"column":5}},{"start":{},"end":{}}],"line":42},"4":{"loc":{"start":{"line":48,"column":16},"end":{"line":48,"column":26}},"type":"binary-expr","locations":[{"start":{"line":48,"column":16},"end":{"line":48,"column":20}},{"start":{"line":48,"column":24},"end":{"line":48,"column":26}}],"line":48},"5":{"loc":{"start":{"line":52,"column":20},"end":{"line":52,"column":30}},"type":"binary-expr","locations":[{"start":{"line":52,"column":20},"end":{"line":52,"column":25}},{"start":{"line":52,"column":29},"end":{"line":52,"column":30}}],"line":52},"6":{"loc":{"start":{"line":53,"column":31},"end":{"line":53,"column":41}},"type":"binary-expr","locations":[{"start":{"line":53,"column":31},"end":{"line":53,"column":36}},{"start":{"line":53,"column":40},"end":{"line":53,"column":41}}],"line":53},"7":{"loc":{"start":{"line":58,"column":4},"end":{"line":58,"column":47}},"type":"if","locations":[{"start":{"line":58,"column":4},"end":{"line":58,"column":47}},{"start":{},"end":{}}],"line":58},"8":{"loc":{"start":{"line":73,"column":30},"end":{"line":73,"column":42}},"type":"default-arg","locations":[{"start":{"line":73,"column":40},"end":{"line":73,"column":42}}],"line":73},"9":{"loc":{"start":{"line":75,"column":17},"end":{"line":75,"column":44}},"type":"binary-expr","locations":[{"start":{"line":75,"column":17},"end":{"line":75,"column":39}},{"start":{"line":75,"column":43},"end":{"line":75,"column":44}}],"line":75},"10":{"loc":{"start":{"line":76,"column":18},"end":{"line":76,"column":47}},"type":"binary-expr","locations":[{"start":{"line":76,"column":18},"end":{"line":76,"column":41}},{"start":{"line":76,"column":45},"end":{"line":76,"column":47}}],"line":76},"11":{"loc":{"start":{"line":94,"column":4},"end":{"line":96,"column":5}},"type":"if","locations":[{"start":{"line":94,"column":4},"end":{"line":96,"column":5}},{"start":{},"end":{}}],"line":94},"12":{"loc":{"start":{"line":103,"column":4},"end":{"line":106,"column":5}},"type":"if","locations":[{"start":{"line":103,"column":4},"end":{"line":106,"column":5}},{"start":{},"end":{}}],"line":103},"13":{"loc":{"start":{"line":109,"column":16},"end":{"line":109,"column":26}},"type":"binary-expr","locations":[{"start":{"line":109,"column":16},"end":{"line":109,"column":20}},{"start":{"line":109,"column":24},"end":{"line":109,"column":26}}],"line":109},"14":{"loc":{"start":{"line":113,"column":20},"end":{"line":113,"column":30}},"type":"binary-expr","locations":[{"start":{"line":113,"column":20},"end":{"line":113,"column":25}},{"start":{"line":113,"column":29},"end":{"line":113,"column":30}}],"line":113},"15":{"loc":{"start":{"line":114,"column":31},"end":{"line":114,"column":41}},"type":"binary-expr","locations":[{"start":{"line":114,"column":31},"end":{"line":114,"column":36}},{"start":{"line":114,"column":40},"end":{"line":114,"column":41}}],"line":114},"16":{"loc":{"start":{"line":119,"column":4},"end":{"line":119,"column":47}},"type":"if","locations":[{"start":{"line":119,"column":4},"end":{"line":119,"column":47}},{"start":{},"end":{}}],"line":119},"17":{"loc":{"start":{"line":138,"column":50},"end":{"line":138,"column":64}},"type":"default-arg","locations":[{"start":{"line":138,"column":60},"end":{"line":138,"column":64}}],"line":138},"18":{"loc":{"start":{"line":150,"column":4},"end":{"line":152,"column":5}},"type":"if","locations":[{"start":{"line":150,"column":4},"end":{"line":152,"column":5}},{"start":{},"end":{}}],"line":150},"19":{"loc":{"start":{"line":150,"column":8},"end":{"line":150,"column":30}},"type":"binary-expr","locations":[{"start":{"line":150,"column":8},"end":{"line":150,"column":18}},{"start":{"line":150,"column":22},"end":{"line":150,"column":30}}],"line":150},"20":{"loc":{"start":{"line":155,"column":4},"end":{"line":160,"column":5}},"type":"if","locations":[{"start":{"line":155,"column":4},"end":{"line":160,"column":5}},{"start":{},"end":{}}],"line":155},"21":{"loc":{"start":{"line":173,"column":4},"end":{"line":176,"column":5}},"type":"if","locations":[{"start":{"line":173,"column":4},"end":{"line":176,"column":5}},{"start":{},"end":{}}],"line":173},"22":{"loc":{"start":{"line":184,"column":15},"end":{"line":184,"column":64}},"type":"binary-expr","locations":[{"start":{"line":184,"column":15},"end":{"line":184,"column":22}},{"start":{"line":184,"column":26},"end":{"line":184,"column":64}}],"line":184},"23":{"loc":{"start":{"line":190,"column":4},"end":{"line":190,"column":47}},"type":"if","locations":[{"start":{"line":190,"column":4},"end":{"line":190,"column":47}},{"start":{},"end":{}}],"line":190},"24":{"loc":{"start":{"line":216,"column":4},"end":{"line":218,"column":5}},"type":"if","locations":[{"start":{"line":216,"column":4},"end":{"line":218,"column":5}},{"start":{},"end":{}}],"line":216},"25":{"loc":{"start":{"line":216,"column":8},"end":{"line":216,"column":41}},"type":"binary-expr","locations":[{"start":{"line":216,"column":8},"end":{"line":216,"column":16}},{"start":{"line":216,"column":20},"end":{"line":216,"column":41}}],"line":216},"26":{"loc":{"start":{"line":227,"column":4},"end":{"line":229,"column":5}},"type":"if","locations":[{"start":{"line":227,"column":4},"end":{"line":229,"column":5}},{"start":{},"end":{}}],"line":227},"27":{"loc":{"start":{"line":227,"column":8},"end":{"line":227,"column":30}},"type":"binary-expr","locations":[{"start":{"line":227,"column":8},"end":{"line":227,"column":18}},{"start":{"line":227,"column":22},"end":{"line":227,"column":30}}],"line":227},"28":{"loc":{"start":{"line":232,"column":4},"end":{"line":237,"column":5}},"type":"if","locations":[{"start":{"line":232,"column":4},"end":{"line":237,"column":5}},{"start":{},"end":{}}],"line":232},"29":{"loc":{"start":{"line":250,"column":4},"end":{"line":253,"column":5}},"type":"if","locations":[{"start":{"line":250,"column":4},"end":{"line":253,"column":5}},{"start":{},"end":{}}],"line":250},"30":{"loc":{"start":{"line":267,"column":4},"end":{"line":267,"column":47}},"type":"if","locations":[{"start":{"line":267,"column":4},"end":{"line":267,"column":47}},{"start":{},"end":{}}],"line":267},"31":{"loc":{"start":{"line":287,"column":4},"end":{"line":290,"column":5}},"type":"if","locations":[{"start":{"line":287,"column":4},"end":{"line":290,"column":5}},{"start":{},"end":{}}],"line":287},"32":{"loc":{"start":{"line":309,"column":20},"end":{"line":309,"column":73}},"type":"cond-expr","locations":[{"start":{"line":309,"column":32},"end":{"line":309,"column":69}},{"start":{"line":309,"column":72},"end":{"line":309,"column":73}}],"line":309},"33":{"loc":{"start":{"line":313,"column":4},"end":{"line":313,"column":47}},"type":"if","locations":[{"start":{"line":313,"column":4},"end":{"line":313,"column":47}},{"start":{},"end":{}}],"line":313},"34":{"loc":{"start":{"line":354,"column":4},"end":{"line":356,"column":5}},"type":"if","locations":[{"start":{"line":354,"column":4},"end":{"line":356,"column":5}},{"start":{},"end":{}}],"line":354},"35":{"loc":{"start":{"line":354,"column":8},"end":{"line":354,"column":32}},"type":"binary-expr","locations":[{"start":{"line":354,"column":8},"end":{"line":354,"column":20}},{"start":{"line":354,"column":24},"end":{"line":354,"column":32}}],"line":354},"36":{"loc":{"start":{"line":370,"column":17},"end":{"line":370,"column":32}},"type":"binary-expr","locations":[{"start":{"line":370,"column":17},"end":{"line":370,"column":26}},{"start":{"line":370,"column":30},"end":{"line":370,"column":32}}],"line":370},"37":{"loc":{"start":{"line":375,"column":4},"end":{"line":375,"column":47}},"type":"if","locations":[{"start":{"line":375,"column":4},"end":{"line":375,"column":47}},{"start":{},"end":{}}],"line":375}},"s":{"0":0,"1":0,"2":0,"3":0,"4":0,"5":0,"6":0,"7":0,"8":0,"9":0,"10":0,"11":0,"12":0,"13":0,"14":0,"15":0,"16":0,"17":0,"18":0,"19":0,"20":0,"21":0,"22":0,"23":0,"24":0,"25":0,"26":0,"27":0,"28":0,"29":0,"30":0,"31":0,"32":0,"33":0,"34":0,"35":0,"36":0,"37":0,"38":0,"39":0,"40":0,"41":0,"42":0,"43":0,"44":0,"45":0,"46":0,"47":0,"48":0,"49":0,"50":0,"51":0,"52":0,"53":0,"54":0,"55":0,"56":0,"57":0,"58":0,"59":0,"60":0,"61":0,"62":0,"63":0,"64":0,"65":0,"66":0,"67":0,"68":0,"69":0,"70":0,"71":0,"72":0,"73":0,"74":0,"75":0,"76":0,"77":0,"78":0,"79":0,"80":0,"81":0,"82":0,"83":0,"84":0,"85":0,"86":0,"87":0,"88":0,"89":0,"90":0,"91":0,"92":0,"93":0,"94":0,"95":0,"96":0,"97":0,"98":0,"99":0,"100":0,"101":0,"102":0,"103":0,"104":0,"105":0},"f":{"0":0,"1":0,"2":0,"3":0,"4":0,"5":0,"6":0,"7":0,"8":0,"9":0},"b":{"0":[0],"1":[0,0],"2":[0,0],"3":[0,0],"4":[0,0],"5":[0,0],"6":[0,0],"7":[0,0],"8":[0],"9":[0,0],"10":[0,0],"11":[0,0],"12":[0,0],"13":[0,0],"14":[0,0],"15":[0,0],"16":[0,0],"17":[0],"18":[0,0],"19":[0,0],"20":[0,0],"21":[0,0],"22":[0,0],"23":[0,0],"24":[0,0],"25":[0,0],"26":[0,0],"27":[0,0],"28":[0,0],"29":[0,0],"30":[0,0],"31":[0,0],"32":[0,0],"33":[0,0],"34":[0,0],"35":[0,0],"36":[0,0],"37":[0,0]}}
,"C:\\Users\\SABARISH\\Desktop\\Employee\\backend\\src\\services\\document.service.js": {"path":"C:\\Users\\SABARISH\\Desktop\\Employee\\backend\\src\\services\\document.service.js","statementMap":{"0":{"start":{"line":8,"column":17},"end":{"line":8,"column":46}},"1":{"start":{"line":9,"column":21},"end":{"line":9,"column":53}},"2":{"start":{"line":10,"column":25},"end":{"line":10,"column":55}},"3":{"start":{"line":25,"column":2},"end":{"line":105,"column":3}},"4":{"start":{"line":26,"column":66},"end":{"line":26,"column":74}},"5":{"start":{"line":29,"column":4},"end":{"line":29,"column":65}},"6":{"start":{"line":30,"column":4},"end":{"line":30,"column":53}},"7":{"start":{"line":33,"column":57},"end":{"line":37,"column":15}},"8":{"start":{"line":39,"column":4},"end":{"line":41,"column":5}},"9":{"start":{"line":40,"column":6},"end":{"line":40,"column":62}},"10":{"start":{"line":44,"column":4},"end":{"line":49,"column":5}},"11":{"start":{"line":45,"column":6},"end":{"line":48,"column":8}},"12":{"start":{"line":52,"column":22},"end":{"line":52,"column":32}},"13":{"start":{"line":53,"column":34},"end":{"line":53,"column":83}},"14":{"start":{"line":54,"column":21},"end":{"line":54,"column":85}},"15":{"start":{"line":57,"column":53},"end":{"line":63,"column":8}},"16":{"start":{"line":65,"column":4},"end":{"line":68,"column":5}},"17":{"start":{"line":66,"column":6},"end":{"line":66,"column":64}},"18":{"start":{"line":67,"column":6},"end":{"line":67,"column":70}},"19":{"start":{"line":71,"column":25},"end":{"line":80,"column":5}},"20":{"start":{"line":82,"column":47},"end":{"line":86,"column":15}},"21":{"start":{"line":88,"column":4},"end":{"line":97,"column":5}},"22":{"start":{"line":89,"column":6},"end":{"line":89,"column":64}},"23":{"start":{"line":92,"column":6},"end":{"line":94,"column":35}},"24":{"start":{"line":96,"column":6},"end":{"line":96,"column":66}},"25":{"start":{"line":99,"column":4},"end":{"line":99,"column":20}},"26":{"start":{"line":102,"column":4},"end":{"line":102,"column":47}},"27":{"start":{"line":102,"column":35},"end":{"line":102,"column":47}},"28":{"start":{"line":103,"column":4},"end":{"line":103,"column":64}},"29":{"start":{"line":104,"column":4},"end":{"line":104,"column":57}},"30":{"start":{"line":117,"column":2},"end":{"line":143,"column":3}},"31":{"start":{"line":118,"column":4},"end":{"line":118,"column":44}},"32":{"start":{"line":120,"column":28},"end":{"line":131,"column":15}},"33":{"start":{"line":133,"column":4},"end":{"line":135,"column":5}},"34":{"start":{"line":134,"column":6},"end":{"line":134,"column":52}},"35":{"start":{"line":137,"column":4},"end":{"line":137,"column":16}},"36":{"start":{"line":140,"column":4},"end":{"line":140,"column":47}},"37":{"start":{"line":140,"column":35},"end":{"line":140,"column":47}},"38":{"start":{"line":141,"column":4},"end":{"line":141,"column":65}},"39":{"start":{"line":142,"column":4},"end":{"line":142,"column":56}},"40":{"start":{"line":157,"column":2},"end":{"line":184,"column":3}},"41":{"start":{"line":159,"column":21},"end":{"line":159,"column":54}},"42":{"start":{"line":162,"column":53},"end":{"line":165,"column":53}},"43":{"start":{"line":167,"column":4},"end":{"line":170,"column":5}},"44":{"start":{"line":168,"column":6},"end":{"line":168,"column":60}},"45":{"start":{"line":169,"column":6},"end":{"line":169,"column":66}},"46":{"start":{"line":172,"column":4},"end":{"line":178,"column":6}},"47":{"start":{"line":181,"column":4},"end":{"line":181,"column":47}},"48":{"start":{"line":181,"column":35},"end":{"line":181,"column":47}},"49":{"start":{"line":182,"column":4},"end":{"line":182,"column":66}},"50":{"start":{"line":183,"column":4},"end":{"line":183,"column":59}},"51":{"start":{"line":196,"column":2},"end":{"line":216,"column":3}},"52":{"start":{"line":197,"column":4},"end":{"line":197,"column":63}},"53":{"start":{"line":199,"column":28},"end":{"line":203,"column":49}},"54":{"start":{"line":205,"column":4},"end":{"line":208,"column":5}},"55":{"start":{"line":206,"column":6},"end":{"line":206,"column":56}},"56":{"start":{"line":207,"column":6},"end":{"line":207,"column":59}},"57":{"start":{"line":210,"column":4},"end":{"line":210,"column":22}},"58":{"start":{"line":213,"column":4},"end":{"line":213,"column":47}},"59":{"start":{"line":213,"column":35},"end":{"line":213,"column":47}},"60":{"start":{"line":214,"column":4},"end":{"line":214,"column":71}},"61":{"start":{"line":215,"column":4},"end":{"line":215,"column":57}},"62":{"start":{"line":231,"column":2},"end":{"line":277,"column":3}},"63":{"start":{"line":232,"column":4},"end":{"line":232,"column":44}},"64":{"start":{"line":233,"column":4},"end":{"line":233,"column":36}},"65":{"start":{"line":236,"column":21},"end":{"line":236,"column":54}},"66":{"start":{"line":239,"column":4},"end":{"line":244,"column":5}},"67":{"start":{"line":240,"column":6},"end":{"line":243,"column":8}},"68":{"start":{"line":247,"column":36},"end":{"line":250,"column":35}},"69":{"start":{"line":252,"column":4},"end":{"line":255,"column":5}},"70":{"start":{"line":253,"column":6},"end":{"line":253,"column":66}},"71":{"start":{"line":258,"column":31},"end":{"line":261,"col
[...]
},"27":{"start":{"line":109,"column":4},"end":{"line":109,"column":69}},"28":{"start":{"line":110,"column":4},"end":{"line":110,"column":62}},"29":{"start":{"line":124,"column":2},"end":{"line":147,"column":3}},"30":{"start":{"line":125,"column":4},"end":{"line":125,"column":63}},"31":{"start":{"line":127,"column":28},"end":{"line":133,"column":15}},"32":{"start":{"line":135,"column":4},"end":{"line":139,"column":5}},"33":{"start":{"line":137,"column":6},"end":{"line":137,"column":60}},"34":{"start":{"line":138,"column":6},"end":{"line":138,"column":63}},"35":{"start":{"line":141,"column":4},"end":{"line":141,"column":24}},"36":{"start":{"line":144,"column":4},"end":{"line":144,"column":47}},"37":{"start":{"line":144,"column":35},"end":{"line":144,"column":47}},"38":{"start":{"line":145,"column":4},"end":{"line":145,"column":65}},"39":{"start":{"line":146,"column":4},"end":{"line":146,"column":61}},"40":{"start":{"line":160,"column":2},"end":{"line":182,"column":3}},"41":{"start":{"line":161,"column":20},"end":{"line":161,"column":66}},"42":{"start":{"line":164,"column":4},"end":{"line":176,"column":8}},"43":{"start":{"line":164,"column":33},"end":{"line":176,"column":5}},"44":{"start":{"line":179,"column":4},"end":{"line":179,"column":47}},"45":{"start":{"line":179,"column":35},"end":{"line":179,"column":47}},"46":{"start":{"line":180,"column":4},"end":{"line":180,"column":61}},"47":{"start":{"line":181,"column":4},"end":{"line":181,"column":59}},"48":{"start":{"line":185,"column":0},"end":{"line":190,"column":2}}},"fnMap":{"0":{"name":"createHistoryEntry","decl":{"start":{"line":26,"column":15},"end":{"line":26,"column":33}},"loc":{"start":{"line":26,"column":40},"end":{"line":70,"column":1}},"line":26},"1":{"name":"getHistoryByRequest","decl":{"start":{"line":81,"column":15},"end":{"line":81,"column":34}},"loc":{"start":{"line":81,"column":56},"end":{"line":112,"column":1}},"line":81},"2":{"name":"getLatestStatus","decl":{"start":{"line":123,"column":15},"end":{"line":123,"column":30}},"loc":{"start":{"line":123,"column":52},"end":{"line":148,"column":1}},"line":123},"3":{"name":"getTimeline","decl":{"start":{"line":159,"column":15},"end":{"line":159,"column":26}},"loc":{"start":{"line":159,"column":48},"end":{"line":183,"column":1}},"line":159},"4":{"name":"(anonymous_4)","decl":{"start":{"line":164,"column":23},"end":{"line":164,"column":24}},"loc":{"start":{"line":164,"column":33},"end":{"line":176,"column":5}},"line":164}},"branchMap":{"0":{"loc":{"start":{"line":37,"column":4},"end":{"line":39,"column":5}},"type":"if","locations":[{"start":{"line":37,"column":4},"end":{"line":39,"column":5}},{"start":{},"end":{}}],"line":37},"1":{"loc":{"start":{"line":37,"column":8},"end":{"line":37,"column":59}},"type":"binary-expr","locations":[{"start":{"line":37,"column":8},"end":{"line":37,"column":30}},{"start":{"line":37,"column":34},"end":{"line":37,"column":44}},{"start":{"line":37,"column":48},"end":{"line":37,"column":59}}],"line":37},"2":{"loc":{"start":{"line":49,"column":21},"end":{"line":49,"column":40}},"type":"binary-expr","locations":[{"start":{"line":49,"column":21},"end":{"line":49,"column":32}},{"start":{"line":49,"column":36},"end":{"line":49,"column":40}}],"line":49},"3":{"loc":{"start":{"line":52,"column":17},"end":{"line":52,"column":32}},"type":"binary-expr","locations":[{"start":{"line":52,"column":17},"end":{"line":52,"column":24}},{"start":{"line":52,"column":28},"end":{"line":52,"column":32}}],"line":52},"4":{"loc":{"start":{"line":58,"column":4},"end":{"line":61,"column":5}},"type":"if","locations":[{"start":{"line":58,"column":4},"end":{"line":61,"column":5}},{"start":{},"end":{}}],"line":58},"5":{"loc":{"start":{"line":66,"column":4},"end":{"line":66,"column":47}},"type":"if","locations":[{"start":{"line":66,"column":4},"end":{"line":66,"column":47}},{"start":{},"end":{}}],"line":66},"6":{"loc":{"start":{"line":100,"column":4},"end":{"line":103,"column":5}},"type":"if","locations":[{"start":{"line":100,"column":4},"end":{"line":103,"column":5}},{"start":{},"end":{}}],"line":100},"7":{"loc":{"start":{"line":105,"column":11},"end":{"line":105,"column":21}},"type":"binary-expr","locations":[{"start":{"line":105,"column":11},"end":{"line":105,"column":15}},{"start":{"line":105,"column":19},"end":{"line":105,"column":21}}],"line":105},"8":{"loc":{"start":{"line":108,"column":4},"end":{"line":108,"column":47}},"type":"if","locations":[{"start":{"line":108,"column":4},"end":{"line":108,"column":47}},{"start":{},"end":{}}],"line":108},"9":{"loc":{"start":{"line":135,"column":4},"end":{"line":139,"column":5}},"type":"if","locations":[{"start":{"line":135,"column":4},"end":{"line":139,"column":5}},{"start":{},"end":{}}],"line":135},"10":{"loc":{"start":{"line":135,"column":8},"end":{"line":135,"column":42}},"type":"binary-expr","locations":[{"start":{"line":135,"column":8},"end":{"line":135,"column":13}},{"start":{"line":135,"column":17},"end":{"line":135,"column":42}}],"line":135},"11":{"loc":{"start":{"line":141,"column":11},"end":{"line":141,"column":23}},"type":"binary-expr","locations":[{"start":{"line":141,"column":11},"end":{"line":141,"column":15}},{"start":{"line":141,"column":19},"end":{"line":141,"column":23}}],"line":141},"12":{"loc":{"start":{"line":144,"column":4},"end":{"line":144,"column":47}},"type":"if","locations":[{"start":{"line":144,"column":4},"end":{"line":144,"column":47}},{"start":{},"end":{}}],"line":144},"13":{"loc":{"start":{"line":179,"column":4},"end":{"line":179,"column":47}},"type":"if","locations":[{"start":{"line":179,"column":4},"end":{"line":179,"column":47}},{"start":{},"end":{}}],"line":179}},"s":{"0":0,"1":0,"2":0,"3":0,"4":0,"5":0,"6":0,"7":0,"8":0,"9":0,"10":0,"11":0,"12":0,"13":0,"14":0,"15":0,"16":0,"17":0,"18":0,"19":0,"20":0,"21":0,"22":0,"23":0,"24":0,"25":0,"26":0,"27":0,"28":0,"29":0,"30":0,"31":0,"32":0,"33":0,"34":0,"35":0,"36":0,"37":0,"38":0,"39":0,"40":0,"41":0,"42":0,"43":0,"44":0,"45":0,"46":0,"47":0,"48":0},"f":{"0":0,"1":0,"2":0,"3":0,"4":0},"b":{"0":[0,0],"1":[0,0,0],"2":[0,0],"3":[0,0],"4":[0,0],"5":[0,0],"6":[0,0],"7":[0,0],"8":[0,0],"9":[0,0],"10":[0,0],"11":[0,0],"12":[0,0],"13":[0,0]}}
,"C:\\Users\\SABARISH\\Desktop\\Employee\\backend\\src\\utils\\errorHandler.js": {"path":"C:\\Users\\SABARISH\\Desktop\\Employee\\backend\\src\\utils\\errorHandler.js","statementMap":{"0":{"start":{"line":14,"column":4},"end":{"line":14,"column":19}},"1":{"start":{"line":15,"column":4},"end":{"line":15,"column":33}},"2":{"start":{"line":16,"column":4},"end":{"line":16,"column":30}},"3":{"start":{"line":19,"column":4},"end":{"line":19,"column":52}},"4":{"start":{"line":34,"column":21},"end":{"line":34,"column":42}},"5":{"start":{"line":35,"column":18},"end":{"line":35,"column":56}},"6":{"start":{"line":38,"column":2},"end":{"line":44,"column":5}},"7":{"start":{"line":47,"column":2},"end":{"line":51,"column":5}},"8":{"start":{"line":63,"column":2},"end":{"line":65,"column":4}},"9":{"start":{"line":64,"column":4},"end":{"line":64,"column":52}},"10":{"start":{"line":68,"column":0},"end":{"line":72,"column":2}}},"fnMap":{"0":{"name":"(anonymous_0)","decl":{"start":{"line":13,"column":2},"end":{"line":13,"column":3}},"loc":{"start":{"line":13,"column":41},"end":{"line":20,"column":3}},"line":13},"1":{"name":"globalErrorHandler","decl":{"start":{"line":32,"column":9},"end":{"line":32,"column":27}},"loc":{"start":{"line":32,"column":49},"end":{"line":52,"column":1}},"line":32},"2":{"name":"asyncHandler","decl":{"start":{"line":62,"column":9},"end":{"line":62,"column":21}},"loc":{"start":{"line":62,"column":26},"end":{"line":66,"column":1}},"line":62},"3":{"name":"(anonymous_3)","decl":{"start":{"line":63,"column":9},"end":{"line":63,"column":10}},"loc":{"start":{"line":63,"column":29},"end":{"line":65,"column":3}},"line":63}},"branchMap":{"0":{"loc":{"start":{"line":13,"column":23},"end":{"line":13,"column":39}},"type":"default-arg","locations":[{"start":{"line":13,"column":36},"end":{"line":13,"column":39}}],"line":13},"1":{"loc":{"start":{"line":34,"column":21},"end":{"line":34,"column":42}},"type":"binary-expr","locations":[{"start":{"line":34,"column":21},"end":{"line":34,"column":35}},{"start":{"line":34,"column":39},"end":{"line":34,"column":42}}],"line":34},"2":{"loc":{"start":{"line":35,"column":18},"end":{"line":35,"column":56}},"type":"binary-expr","locations":[{"start":{"line":35,"column":18},"end":{"line":35,"column":29}},{"start":{"line":35,"column":33},"end":{"line":35,"column":56}}],"line":35},"3":{"loc":{"start":{"line":41,"column":11},"end":{"line":41,"column":73}},"type":"cond-expr","locations":[{"start":{"line":41,"column":52},"end":{"line":41,"column":61}},{"start":{"line":41,"column":64},"end":{"line":41,"column":73}}],"line":41},"4":{"loc":{"start":{"line":50,"column":8},"end":{"line":50,"column":70}},"type":"binary-expr","locations":[{"start":{"line":50,"column":8},"end":{"line":50,"column":46}},{"start":{"line":50,"column":50},"end":{"line":50,"column":70}}],"line":50}},"s":{"0":28,"1":28,"2":28,"3":28,"4":0,"5":0,"6":0,"7":0,"8":0,"9":0,"10":2},"f":{"0":28,"1":0,"2":0,"3":0},"b":{"0":[0],"1":[0,0],"2":[0,0],"3":[0,0],"4":[0,0]},"_coverageSchema":"1a1c01bbd47fc00a2c39e90264f33305004495a9","hash":"1fd8fc1609335bc1bd1718581ea5966bec68f6e9"}
,"C:\\Users\\SABARISH\\Desktop\\Employee\\backend\\src\\utils\\response.js": {"path":"C:\\Users\\SABARISH\\Desktop\\Employee\\backend\\src\\utils\\response.js","statementMap":{"0":{"start":{"line":17,"column":2},"end":{"line":22,"column":4}},"1":{"start":{"line":33,"column":2},"end":{"line":38,"column":4}},"2":{"start":{"line":52,"column":2},"end":{"line":62,"column":4}},"3":{"start":{"line":65,"column":0},"end":{"line":69,"column":2}}},"fnMap":{"0":{"name":"successResponse","decl":{"start":{"line":16,"column":9},"end":{"line":16,"column":24}},"loc":{"start":{"line":16,"column":77},"end":{"line":23,"column":1}},"line":16},"1":{"name":"errorResponse","decl":{"start":{"line":32,"column":9},"end":{"line":32,"column":22}},"loc":{"start":{"line":32,"column":72},"end":{"line":39,"column":1}},"line":32},"2":{"name":"paginatedResponse","decl":{"start":{"line":51,"column":9},"end":{"line":51,"column":26}},"loc":{"start":{"line":51,"column":74},"end":{"line":63,"column":1}},"line":51}},"branchMap":{"0":{"loc":{"start":{"line":16,"column":25},"end":{"line":16,"column":36}},"type":"default-arg","locations":[{"start":{"line":16,"column":32},"end":{"line":16,"column":36}}],"line":16},"1":{"loc":{"start":{"line":16,"column":38},"end":{"line":16,"column":57}},"type":"default-arg","locations":[{"start":{"line":16,"column":48},"end":{"line":16,"column":57}}],"line":16},"2":{"loc":{"start":{"line":16,"column":59},"end":{"line":16,"column":75}},"type":"default-arg","locations":[{"start":{"line":16,"column":72},"end":{"line":16,"column":75}}],"line":16},"3":{"loc":{"start":{"line":32,"column":23},"end":{"line":32,"column":52}},"type":"default-arg","locations":[{"start":{"line":32,"column":33},"end":{"line":32,"column":52}}],"line":32},"4":{"loc":{"start":{"line":32,"column":54},"end":{"line":32,"column":70}},"type":"default-arg","locations":[{"start":{"line":32,"column":67},"end":{"line":32,"column":70}}],"line":32},"5":{"loc":{"start":{"line":51,"column":53},"end":{"line":51,"column":72}},"type":"default-arg","locations":[{"start":{"line":51,"column":63},"end":{"line":51,"column":72}}],"line":51}},"s":{"0":0,"1":0,"2":0,"3":0},"f":{"0":0,"1":0,"2":0},"b":{"0":[0],"1":[0],"2":[0],"3":[0],"4":[0],"5":[0]}}
,"C:\\Users\\SABARISH\\Desktop\\Employee\\backend\\src\\utils\\validation.js": {"path":"C:\\Users\\SABARISH\\Desktop\\Employee\\backend\\src\\utils\\validation.js","statementMap":{"0":{"start":{"line":8,"column":21},"end":{"line":8,"column":46}},"1":{"start":{"line":18,"column":21},"end":{"line":18,"column":49}},"2":{"start":{"line":20,"column":2},"end":{"line":22,"column":3}},"3":{"start":{"line":21,"column":4},"end":{"line":21,"column":49}},"4":{"start":{"line":24,"column":2},"end":{"line":26,"column":3}},"5":{"start":{"line":25,"column":4},"end":{"line":25,"column":52}},"6":{"start":{"line":28,"column":2},"end":{"line":28,"column":14}},"7":{"start":{"line":39,"column":21},"end":{"line":39,"column":34}},"8":{"start":{"line":41,"column":2},"end":{"line":43,"column":3}},"9":{"start":{"line":42,"column":4},"end":{"line":42,"column":56}},"10":{"start":{"line":45,"column":2},"end":{"line":47,"column":3}},"11":{"start":{"line":46,"column":4},"end":{"line":46,"column":62}},"12":{"start":{"line":49,"column":2},"end":{"line":49,"column":14}},"13":{"start":{"line":61,"column":20},"end":{"line":61,"column":85}},"14":{"start":{"line":63,"column":2},"end":{"line":65,"column":3}},"15":{"start":{"line":64,"column":4},"end":{"line":64,"column":56}},"16":{"start":{"line":67,"column":2},"end":{"line":69,"column":3}},"17":{"start":{"line":68,"column":4},"end":{"line":68,"column":59}},"18":{"start":{"line":71,"column":2},"end":{"line":71,"column":14}},"19":{"start":{"line":82,"column":24},"end":{"line":82,"column":26}},"20":{"start":{"line":84,"column":2},"end":{"line":88,"column":3}},"21":{"start":{"line":85,"column":4},"end":{"line":87,"column":5}},"22":{"start":{"line":86,"column":6},"end":{"line":86,"column":32}},"23":{"start":{"line":90,"column":2},"end":{"line":95,"column":3}},"24":{"start":{"line":91,"column":4},"end":{"line":94,"column":6}},"25":{"start":{"line":108,"column":2},"end":{"line":110,"column":3}},"26":{"start":{"line":109,"column":4},"end":{"line":109,"column":56}},"27":{"start":{"line":112,"column":23},"end":{"line":112,"column":35}},"28":{"start":{"line":114,"column":2},"end":{"line":119,"column":3}},"29":{"start":{"line":115,"column":4},"end":{"line":118,"column":6}},"30":{"start":{"line":121,"column":2},"end":{"line":126,"column":3}},"31":{"start":{"line":122,"column":4},"end":{"line":125,"column":6}},"32":{"start":{"line":128,"column":2},"end":{"line":128,"column":14}},"33":{"start":{"line":140,"column":2},"end":{"line":142,"column":3}},"34":{"start":{"line":141,"column":4},"end":{"line":141,"column":48}},"35":{"start":{"line":145,"column":2},"end":{"line":150,"column":3}},"36":{"start":{"line":146,"column":4},"end":{"line":149,"column":6}},"37":{"start":{"line":153,"column":2},"end":{"line":158,"column":3}},"38":{"start":{"line":154,"column":4},"end":{"line":157,"column":6}},"39":{"start":{"line":160,"column":2},"end":{"line":160,"column":14}},"40":{"start":{"line":163,"column":0},"end":{"line":170,"column":2}}},"fnMap":{"0":{"name":"validateEmail","decl":{"start":{"line":17,"column":9},"end":{"line":17,"column":22}},"loc":{"start":{"line":17,"column":30},"end":{"line":29,"column":1}},"line":17},"1":{"name":"validatePhone","decl":{"start":{"line":38,"column":9},"end":{"line":38,"column":22}},"loc":{"start":{"line":38,"column":30},"end":{"line":50,"column":1}},"line":38},"2":{"name":"validateUUID","decl":{"start":{"line":60,"column":9},"end":{"line":60,"column":21}},"loc":{"start":{"line":60,"column":46},"end":{"line":72,"column":1}},"line":60},"3":{"name":"validateRequiredFields","decl":{"start":{"line":81,"column":9},"end":{"line":81,"column":31}},"loc":{"start":{"line":81,"column":54},"end":{"line":96,"column":1}},"line":81},"4":{"name":"validateStringLength","decl":{"start":{"line":107,"column":9},"end":{"line":107,"column":29}},"loc":{"start":{"line":107,"column":80},"end":{"line":129,"column":1}},"line":107},"5":{"name":"validateFile","decl":{"start":{"line":139,"column":9},"end":{"line":139,"column":21}},"loc":{"start":{"line":139,"column":69},"end":{"line":161,"column":1}},"line":139}},"branchMap":{"0":{"loc":{"start":{"line":20,"column":2},"end":{"line":22,"column":3}},"type":"if","locations":[{"start":{"line":20,"column":2},"end":{"line":22,"column":3}},{"start":{},"end":{}}],"line":20},"1":{"loc":{"start":{"line":24,"column":2},"end":{"line":26,"column":3}},"type":"if","locations":[{"start":{"line":24,"column":2},"end":{"line":26,"column":3}},{"start":{},"end":{}}],"line":24},"2":{"loc":{"start":{"line":41,"column":2},"end":{"line":43,"column":3}},"type":"if","locations":[{"start":{"line":41,"column":2},"end":{"line":43,"column":3}},{"start":{},"end":{}}],"line":41},"3":{"loc":{"start":{"line":45,"column":2},"end":{"line":47,"column":3}},"type":"if","locations":[{"start":{"line":45,"column":2},"end":{"line":47,"column":3}},{"start":{},"end":{}}],"line":45},"4":{"loc":{"start":{"line":60,"column":28},"end":{"line":60,"column":44}},"type":"default-arg","locations":[{"start":{"line":60,"column":40},"end":{"line":60,"column":44}}],"line":60},"5":{"loc":{"start":{"line":63,"column":2},"end":{"line":65,"column":3}},"type":"if","locations":[{"start":{"line":63,"column":2},"end":{"line":65,"column":3}},{"start":{},"end":{}}],"line":63},"6":{"loc":{"start":{"line":67,"column":2},"end":{"line":69,"column":3}},"type":"if","locations":[{"start":{"line":67,"column":2},"end":{"line":69,"column":3}},{"start":{},"end":{}}],"line":67},"7":{"loc":{"start":{"line":85,"column":4},"end":{"line":87,"column":5}},"type":"if","locations":[{"start":{"line":85,"column":4},"end":{"line":87,"column":5}},{"start":{},"end":{}}],"line":85},"8":{"loc":{"start":{"line":85,"column":8},"end":{"line":85,"column":60}},"type":"binary-expr","locations":[{"start":{"line":85,"column":8},"end":{"line":85,"column":20}},{"start":{"line":85,"column":24},"end":{"line":85,"column":60}}],"line":85},"9":{"loc":{"start":{"line":90,"column":2},"end":{"line":95,"column":3}},"type":"if","locations":[{"start":{"line":90,"column":2},"end":{"line":95,"column":3}},{"start":{},"end":{}}],"line":90},"10":{"loc":{"start":{"line":107,"column":48},"end":{"line":107,"column":61}},"type":"default-arg","locations":[{"start":{"line":107,"column":60},"end":{"line":107,"column":61}}],"line":107},"11":{"loc":{"start":{"line":107,"column":63},"end":{"line":107,"column":78}},"type":"default-arg","locations":[{"start":{"line":107,"column":75},"end":{"line":107,"column":78}}],"line":107},"12":{"loc":{"start":{"line":108,"column":2},"end":{"line":110,"column":3}},"type":"if","locations":[{"start":{"line":108,"column":2},"end":{"line":110,"column":3}},{"start":{},"end":{}}],"line":108},"13":{"loc":{"start":{"line":114,"column":2},"end":{"line":119,"column":3}},"type":"if","locations":[{"start":{"line":114,"column":2},"end":{"line":119,"column":3}},{"start":{},"end":{}}],"line":114},"14":{"loc":{"start":{"line":121,"column":2},"end":{"line":126,"column":3}},"type":"if","locations":[{"start":{"line":121,"column":2},"end":{"line":126,"column":3}},{"start":{},"end":{}}],"line":121},"15":{"loc":{"start":{"line":139,"column":42},"end":{"line":139,"column":67}},"type":"default-arg","locations":[{"start":{"line":139,"column":52},"end":{"line":139,"column":67}}],"line":139},"16":{"loc":{"start":{"line":140,"column":2},"end":{"line":142,"column":3}},"type":"if","locations":[{"start":{"line":140,"column":2},"end":{"line":142,"column":3}},{"start":{},"end":{}}],"line":140},"17":{"loc":{"start":{"line":145,"column":2},"end":{"line":150,"column":3}},"type":"if","locations":[{"start":{"line":145,"column":2},"end":{"line":150,"column":3}},{"start":{},"end":{}}],"line":145},"18":{"loc":{"start":{"line":153,"column":2},"end":{"line":158,"column":3}},"type":"if","locations":[{"start":{"line":153,"column":2},"end":{"line":158,"column":3}},{"start":{},"end":{}}],"line":153}},"s":{"0":1,"1":8,"2":8,"3":2,"4":6,"5":4,"6":2,"7":7,"8":7,"9":2,"10":5,"11":3,"12":2,"13":7,"14":7,"15":2,"16":5,"17":3,"18":2,"19":4,"20":4,"21":10,"22":4,"23":4,"24":3,"25":6,"26":1,"27":5,"28":5,"29":2,"30":3,"31":1,"32":2,"33":0,"34":0,"35":0,"36":0,"37":0,"38":0,"39":0,"40":1},"f":{"0":8,"1":7,"2":7,"3":4,"4":6,"5":0},"b":{"0":[2,6],"1":[4,2],"2":[2,5],"3":[3,2],"4":[6],"5":[2,5],"6":[3,2],"7":[4,6],"8":[10,7],"9":[3,1],"10":[0],"11":[0],"12":[1,5],"13":[2,3],"14":[1,2],"15":[0],"16":[0,0],"17":[0,0],"18":[0,0]},"_coverageSchema":"1a1c01bbd47fc00a2c39e90264f33305004495a9","hash":"5805af7f09d35977ef56fcac6667101ae6caeadf"}
}
