TN:
SF:src\app.js
FN:16,(anonymous_0)
FN:21,(anonymous_1)
FN:36,(anonymous_2)
FN:61,(anonymous_3)
FNF:4
FNH:0
FNDA:0,(anonymous_0)
FNDA:0,(anonymous_1)
FNDA:0,(anonymous_2)
FNDA:0,(anonymous_3)
DA:1,0
DA:2,0
DA:3,0
DA:4,0
DA:6,0
DA:8,0
DA:13,0
DA:14,0
DA:16,0
DA:17,0
DA:18,0
DA:21,0
DA:22,0
DA:36,0
DA:37,0
DA:54,0
DA:55,0
DA:61,0
DA:62,0
DA:69,0
DA:71,0
LF:21
LH:0
BRDA:9,0,0,0
BRDA:9,0,1,0
BRF:2
BRH:0
end_of_record
TN:
SF:src\config\multer.js
FN:6,(anonymous_0)
FNF:1
FNH:0
FNDA:0,(anonymous_0)
DA:1,0
DA:2,0
DA:4,0
DA:6,0
DA:7,0
DA:16,0
DA:17,0
DA:19,0
DA:23,0
DA:31,0
LF:10
LH:0
BRDA:16,0,0,0
BRDA:16,0,1,0
BRF:2
BRH:0
end_of_record
TN:
SF:src\config\supabase.js
FNF:0
FNH:0
DA:1,0
DA:2,0
DA:4,0
DA:5,0
DA:8,0
DA:9,0
DA:12,0
DA:24,0
LF:8
LH:0
BRDA:4,0,0,0
BRDA:4,0,1,0
BRDA:8,1,0,0
BRDA:8,1,1,0
BRF:4
BRH:0
end_of_record
TN:
SF:src\controllers\admin.controller.js
FN:16,(anonymous_0)
FN:36,(anonymous_1)
FN:57,(anonymous_2)
FN:74,(anonymous_3)
FN:91,(anonymous_4)
FN:104,(anonymous_5)
FNF:6
FNH:0
FNDA:0,(anonymous_0)
FNDA:0,(anonymous_1)
FNDA:0,(anonymous_2)
FNDA:0,(anonymous_3)
FNDA:0,(anonymous_4)
FNDA:0,(anonymous_5)
DA:8,0
DA:9,0
DA:10,0
DA:16,0
DA:17,0
DA:22,0
DA:24,0
DA:36,0
DA:37,0
DA:43,0
DA:45,0
DA:57,0
DA:58,0
DA:59,0
DA:60,0
DA:62,0
DA:64,0
DA:74,0
DA:75,0
DA:76,0
DA:77,0
DA:79,0
DA:81,0
DA:91,0
DA:92,0
DA:94,0
DA:104,0
DA:105,0
DA:107,0
DA:109,0
DA:115,0
LF:31
LH:0
BRF:0
BRH:0
end_of_record
TN:
SF:src\controllers\document.controller.js
FN:16,(anonymous_0)
FN:40,(anonymous_1)
FN:55,(anonymous_2)
FN:71,(anonymous_3)
FN:86,(anonymous_4)
FN:102,(anonymous_5)
FNF:6
FNH:0
FNDA:0,(anonymous_0)
FNDA:0,(anonymous_1)
FNDA:0,(anonymous_2)
FNDA:0,(anonymous_3)
FNDA:0,(anonymous_4)
FNDA:0,(anonymous_5)
DA:7,0
DA:8,0
DA:9,0
DA:10,0
DA:16,0
DA:17,0
DA:18,0
DA:21,0
DA:27,0
DA:29,0
DA:40,0
DA:41,0
DA:43,0
DA:45,0
DA:55,0
DA:56,0
DA:57,0
DA:59,0
DA:61,0
DA:71,0
DA:72,0
DA:74,0
DA:76,0
DA:86,0
DA:87,0
DA:88,0
DA:90,0
DA:92,0
DA:102,0
DA:103,0
DA:105,0
DA:107,0
DA:113,0
LF:33
LH:0
BRDA:17,0,0,0
BRDA:17,0,1,0
BRDA:57,1,0,0
BRDA:57,1,1,0
BRDA:109,2,0,0
BRDA:109,2,1,0
BRF:6
BRH:0
end_of_record
TN:
SF:src\controllers\employee.controller.js
FN:16,(anonymous_0)
FN:31,(anonymous_1)
FN:46,(anonymous_2)
FN:62,(anonymous_3)
FNF:4
FNH:0
FNDA:0,(anonymous_0)
FNDA:0,(anonymous_1)
FNDA:0,(anonymous_2)
FNDA:0,(anonymous_3)
DA:8,0
DA:9,0
DA:10,0
DA:16,0
DA:17,0
DA:19,0
DA:21,0
DA:31,0
DA:32,0
DA:34,0
DA:36,0
DA:46,0
DA:47,0
DA:48,0
DA:50,0
DA:52,0
DA:62,0
DA:63,0
DA:69,0
DA:71,0
DA:79,0
LF:21
LH:0
BRF:0
BRH:0
end_of_record
TN:
SF:src\controllers\onboarding.controller.js
FN:16,(anonymous_0)
FN:33,(anonymous_1)
FN:48,(anonymous_2)
FN:63,(anonymous_3)
FN:84,(anonymous_4)
FN:99,(anonymous_5)
FN:114,(anonymous_6)
FN:129,(anonymous_7)
FNF:8
FNH:0
FNDA:0,(anonymous_0)
FNDA:0,(anonymous_1)
FNDA:0,(anonymous_2)
FNDA:0,(anonymous_3)
FNDA:0,(anonymous_4)
FNDA:0,(anonymous_5)
FNDA:0,(anonymous_6)
FNDA:0,(anonymous_7)
DA:8,0
DA:9,0
DA:10,0
DA:16,0
DA:17,0
DA:18,0
DA:20,0
DA:22,0
DA:33,0
DA:34,0
DA:36,0
DA:38,0
DA:48,0
DA:49,0
DA:51,0
DA:53,0
DA:63,0
DA:64,0
DA:65,0
DA:66,0
DA:68,0
DA:74,0
DA:84,0
DA:85,0
DA:87,0
DA:89,0
DA:99,0
DA:100,0
DA:102,0
DA:104,0
DA:114,0
DA:115,0
DA:117,0
DA:119,0
DA:129,0
DA:130,0
DA:131,0
DA:133,0
DA:135,0
DA:141,0
LF:40
LH:0
BRDA:121,0,0,0
BRDA:121,0,1,0
BRF:2
BRH:0
end_of_record
TN:
SF:src\middlewares\auth.middleware.js
FN:4,verifyAuth
FN:49,optionalAuth
FNF:2
FNH:1
FNDA:7,verifyAuth
FNDA:0,optionalAuth
DA:1,1
DA:2,1
DA:5,7
DA:6,7
DA:8,7
DA:9,2
DA:12,5
DA:14,5
DA:15,1
DA:18,4
DA:20,4
DA:21,1
DA:24,3
DA:30,3
DA:31,1
DA:34,2
DA:42,2
DA:45,5
DA:50,0
DA:51,0
DA:53,0
DA:54,0
DA:55,0
DA:58,0
DA:60,0
DA:61,0
DA:62,0
DA:65,0
DA:67,0
DA:68,0
DA:69,0
DA:72,0
DA:78,0
DA:79,0
DA:80,0
DA:83,0
DA:91,0
DA:94,0
DA:95,0
DA:99,1
LF:40
LH:19
BRDA:8,0,0,2
BRDA:8,0,1,5
BRDA:8,1,0,7
BRDA:8,1,1,6
BRDA:14,2,0,1
BRDA:14,2,1,4
BRDA:20,3,0,1
BRDA:20,3,1,3
BRDA:20,4,0,4
BRDA:20,4,1,3
BRDA:30,5,0,1
BRDA:30,5,1,2
BRDA:30,6,0,3
BRDA:30,6,1,2
BRDA:53,7,0,0
BRDA:53,7,1,0
BRDA:53,8,0,0
BRDA:53,8,1,0
BRDA:60,9,0,0
BRDA:60,9,1,0
BRDA:67,10,0,0
BRDA:67,10,1,0
BRDA:67,11,0,0
BRDA:67,11,1,0
BRDA:78,12,0,0
BRDA:78,12,1,0
BRDA:78,13,0,0
BRDA:78,13,1,0
BRF:28
BRH:14
end_of_record
TN:
SF:src\middlewares\index.js
FNF:0
FNH:0
DA:8,0
DA:9,0
DA:15,0
DA:20,0
DA:22,0
LF:5
LH:0
BRF:0
BRH:0
end_of_record
TN:
SF:src\middlewares\role.middleware.js
FN:20,requireAdmin
FN:50,requireEmployee
FN:80,requireAuth
FN:107,checkOwnership
FN:108,(anonymous_4)
FNF:5
FNH:0
FNDA:0,requireAdmin
FNDA:0,requireEmployee
FNDA:0,requireAuth
FNDA:0,checkOwnership
FNDA:0,(anonymous_4)
DA:8,0
DA:21,0
DA:23,0
DA:24,0
DA:28,0
DA:29,0
DA:33,0
DA:36,0
DA:51,0
DA:53,0
DA:54,0
DA:58,0
DA:59,0
DA:63,0
DA:66,0
DA:81,0
DA:82,0
DA:83,0
DA:87,0
DA:90,0
DA:108,0
DA:109,0
DA:111,0
DA:112,0
DA:116,0
DA:117,0
DA:121,0
DA:123,0
DA:124,0
DA:128,0
DA:129,0
DA:133,0
DA:136,0
DA:141,0
LF:34
LH:0
BRDA:23,0,0,0
BRDA:23,0,1,0
BRDA:28,1,0,0
BRDA:28,1,1,0
BRDA:53,2,0,0
BRDA:53,2,1,0
BRDA:58,3,0,0
BRDA:58,3,1,0
BRDA:82,4,0,0
BRDA:82,4,1,0
BRDA:107,5,0,0
BRDA:111,6,0,0
BRDA:111,6,1,0
BRDA:116,7,0,0
BRDA:116,7,1,0
BRDA:121,8,0,0
BRDA:121,8,1,0
BRDA:123,9,0,0
BRDA:123,9,1,0
BRDA:128,10,0,0
BRDA:128,10,1,0
BRF:21
BRH:0
end_of_record
TN:
SF:src\middlewares\validation.middleware.js
FN:9,validateOnboardingRequest
FN:47,validateLoginRequest
FN:61,validateRegisterRequest
FN:82,validateDocumentUpload
FN:108,validateRejectRequest
FNF:5
FNH:0
FNDA:0,validateOnboardingRequest
FNDA:0,validateLoginRequest
FNDA:0,validateRegisterRequest
FNDA:0,validateDocumentUpload
FNDA:0,validateRejectRequest
DA:6,0
DA:7,0
DA:10,0
DA:11,0
DA:13,0
DA:22,0
DA:23,0
DA:24,0
DA:25,0
DA:26,0
DA:28,0
DA:29,0
DA:30,0
DA:33,0
DA:34,0
DA:35,0
DA:37,0
DA:38,0
DA:41,0
DA:43,0
DA:48,0
DA:49,0
DA:51,0
DA:52,0
DA:53,0
DA:55,0
DA:57,0
DA:62,0
DA:63,0
DA:65,0
DA:67,0
DA:68,0
DA:69,0
DA:70,0
DA:72,0
DA:73,0
DA:76,0
DA:78,0
DA:83,0
DA:84,0
DA:85,0
DA:87,0
DA:88,0
DA:91,0
DA:92,0
DA:98,0
DA:99,0
DA:102,0
DA:104,0
DA:109,0
DA:110,0
DA:112,0
DA:113,0
DA:115,0
DA:117,0
DA:121,0
LF:56
LH:0
BRDA:29,0,0,0
BRDA:29,0,1,0
BRDA:34,1,0,0
BRDA:34,1,1,0
BRDA:37,2,0,0
BRDA:37,2,1,0
BRDA:72,3,0,0
BRDA:72,3,1,0
BRDA:72,4,0,0
BRDA:72,4,1,0
BRDA:87,5,0,0
BRDA:87,5,1,0
BRDA:91,6,0,0
BRDA:91,6,1,0
BRDA:98,7,0,0
BRDA:98,7,1,0
BRF:16
BRH:0
end_of_record
TN:
SF:src\middlewares\validator.middleware.js
FN:26,validateOnboardingRequest
FN:81,validateUUIDParam
FN:82,(anonymous_2)
FN:103,validateDocumentUpload
FN:165,validateStatusUpdate
FNF:5
FNH:0
FNDA:0,validateOnboardingRequest
FNDA:0,validateUUIDParam
FNDA:0,(anonymous_2)
FNDA:0,validateDocumentUpload
FNDA:0,validateStatusUpdate
DA:14,0
DA:15,0
DA:27,0
DA:28,0
DA:31,0
DA:41,0
DA:42,0
DA:43,0
DA:44,0
DA:45,0
DA:48,0
DA:49,0
DA:50,0
DA:54,0
DA:55,0
DA:59,0
DA:60,0
DA:61,0
DA:65,0
DA:68,0
DA:82,0
DA:83,0
DA:84,0
DA:85,0
DA:86,0
DA:88,0
DA:104,0
DA:105,0
DA:106,0
DA:110,0
DA:120,0
DA:121,0
DA:128,0
DA:129,0
DA:130,0
DA:134,0
DA:137,0
DA:138,0
DA:139,0
DA:146,0
DA:149,0
DA:152,0
DA:166,0
DA:167,0
DA:170,0
DA:171,0
DA:175,0
DA:176,0
DA:177,0
DA:184,0
DA:185,0
DA:189,0
DA:190,0
DA:194,0
DA:197,0
DA:201,0
LF:56
LH:0
BRDA:49,0,0,0
BRDA:49,0,1,0
BRDA:54,1,0,0
BRDA:54,1,1,0
BRDA:60,2,0,0
BRDA:60,2,1,0
BRDA:81,3,0,0
BRDA:105,4,0,0
BRDA:105,4,1,0
BRDA:120,5,0,0
BRDA:120,5,1,0
BRDA:129,6,0,0
BRDA:129,6,1,0
BRDA:138,7,0,0
BRDA:138,7,1,0
BRDA:170,8,0,0
BRDA:170,8,1,0
BRDA:176,9,0,0
BRDA:176,9,1,0
BRDA:184,10,0,0
BRDA:184,10,1,0
BRDA:184,11,0,0
BRDA:184,11,1,0
BRDA:184,11,2,0
BRDA:189,12,0,0
BRDA:189,12,1,0
BRF:26
BRH:0
end_of_record
TN:
SF:src\routes\admin.routes.js
FNF:0
FNH:0
DA:8,0
DA:9,0
DA:15,0
DA:23,0
DA:28,0
DA:29,0
DA:35,0
DA:41,0
DA:47,0
DA:53,0
DA:63,0
DA:74,0
DA:81,0
LF:13
LH:0
BRF:0
BRH:0
end_of_record
TN:
SF:src\routes\document.routes.js
FNF:0
FNH:0
DA:7,0
DA:8,0
DA:9,0
DA:15,0
DA:23,0
DA:29,0
DA:41,0
DA:52,0
DA:63,0
DA:74,0
DA:85,0
DA:92,0
LF:12
LH:0
BRF:0
BRH:0
end_of_record
TN:
SF:src\routes\employee.routes.js
FNF:0
FNH:0
DA:7,0
DA:8,0
DA:9,0
DA:15,0
DA:21,0
DA:27,0
DA:39,0
DA:51,0
DA:59,0
LF:9
LH:0
BRF:0
BRH:0
end_of_record
TN:
SF:src\routes\index.js
FN:23,(anonymous_0)
FNF:1
FNH:0
FNDA:0,(anonymous_0)
DA:8,0
DA:9,0
DA:11,0
DA:12,0
DA:13,0
DA:14,0
DA:17,0
DA:18,0
DA:19,0
DA:20,0
DA:23,0
DA:24,0
DA:37,0
LF:13
LH:0
BRF:0
BRH:0
end_of_record
TN:
SF:src\routes\onboarding.routes.js
FNF:0
FNH:0
DA:7,0
DA:8,0
DA:15,0
DA:25,0
DA:31,0
DA:37,0
DA:43,0
DA:54,0
DA:65,0
DA:76,0
DA:87,0
DA:99,0
DA:106,0
LF:13
LH:0
BRF:0
BRH:0
end_of_record
TN:
SF:src\services\admin.service.js
FN:22,getPendingRequests
FN:73,getAllRequests
FN:138,approveRequest
FN:210,rejectRequest
FN:280,getDashboardStats
FN:294,(anonymous_5)
FN:295,(anonymous_6)
FN:296,(anonymous_7)
FN:301,(anonymous_8)
FN:327,getRequestFullDetails
FNF:10
FNH:0
FNDA:0,getPendingRequests
FNDA:0,getAllRequests
FNDA:0,approveRequest
FNDA:0,rejectRequest
FNDA:0,getDashboardStats
FNDA:0,(anonymous_5)
FNDA:0,(anonymous_6)
FNDA:0,(anonymous_7)
FNDA:0,(anonymous_8)
FNDA:0,getRequestFullDetails
DA:8,0
DA:9,0
DA:10,0
DA:11,0
DA:23,0
DA:24,0
DA:25,0
DA:26,0
DA:28,0
DA:42,0
DA:43,0
DA:44,0
DA:47,0
DA:58,0
DA:59,0
DA:60,0
DA:74,0
DA:75,0
DA:76,0
DA:77,0
DA:79,0
DA:94,0
DA:95,0
DA:99,0
DA:101,0
DA:103,0
DA:104,0
DA:105,0
DA:108,0
DA:119,0
DA:120,0
DA:121,0
DA:139,0
DA:140,0
DA:141,0
DA:144,0
DA:150,0
DA:151,0
DA:155,0
DA:156,0
DA:162,0
DA:173,0
DA:174,0
DA:175,0
DA:179,0
DA:187,0
DA:190,0
DA:191,0
DA:192,0
DA:211,0
DA:212,0
DA:213,0
DA:216,0
DA:217,0
DA:221,0
DA:227,0
DA:228,0
DA:232,0
DA:233,0
DA:239,0
DA:250,0
DA:251,0
DA:252,0
DA:256,0
DA:264,0
DA:267,0
DA:268,0
DA:269,0
DA:281,0
DA:283,0
DA:287,0
DA:288,0
DA:289,0
DA:293,0
DA:294,0
DA:295,0
DA:296,0
DA:299,0
DA:300,0
DA:301,0
DA:303,0
DA:313,0
DA:314,0
DA:315,0
DA:328,0
DA:329,0
DA:332,0
DA:354,0
DA:355,0
DA:359,0
DA:366,0
DA:368,0
DA:375,0
DA:376,0
DA:377,0
DA:381,0
LF:96
LH:0
BRDA:22,0,0,0
BRDA:24,1,0,0
BRDA:24,1,1,0
BRDA:25,2,0,0
BRDA:25,2,1,0
BRDA:42,3,0,0
BRDA:42,3,1,0
BRDA:48,4,0,0
BRDA:48,4,1,0
BRDA:52,5,0,0
BRDA:52,5,1,0
BRDA:53,6,0,0
BRDA:53,6,1,0
BRDA:58,7,0,0
BRDA:58,7,1,0
BRDA:73,8,0,0
BRDA:75,9,0,0
BRDA:75,9,1,0
BRDA:76,10,0,0
BRDA:76,10,1,0
BRDA:94,11,0,0
BRDA:94,11,1,0
BRDA:103,12,0,0
BRDA:103,12,1,0
BRDA:109,13,0,0
BRDA:109,13,1,0
BRDA:113,14,0,0
BRDA:113,14,1,0
BRDA:114,15,0,0
BRDA:114,15,1,0
BRDA:119,16,0,0
BRDA:119,16,1,0
BRDA:138,17,0,0
BRDA:150,18,0,0
BRDA:150,18,1,0
BRDA:150,19,0,0
BRDA:150,19,1,0
BRDA:155,20,0,0
BRDA:155,20,1,0
BRDA:173,21,0,0
BRDA:173,21,1,0
BRDA:184,22,0,0
BRDA:184,22,1,0
BRDA:190,23,0,0
BRDA:190,23,1,0
BRDA:216,24,0,0
BRDA:216,24,1,0
BRDA:216,25,0,0
BRDA:216,25,1,0
BRDA:227,26,0,0
BRDA:227,26,1,0
BRDA:227,27,0,0
BRDA:227,27,1,0
BRDA:232,28,0,0
BRDA:232,28,1,0
BRDA:250,29,0,0
BRDA:250,29,1,0
BRDA:267,30,0,0
BRDA:267,30,1,0
BRDA:287,31,0,0
BRDA:287,31,1,0
BRDA:309,32,0,0
BRDA:309,32,1,0
BRDA:313,33,0,0
BRDA:313,33,1,0
BRDA:354,34,0,0
BRDA:354,34,1,0
BRDA:354,35,0,0
BRDA:354,35,1,0
BRDA:370,36,0,0
BRDA:370,36,1,0
BRDA:375,37,0,0
BRDA:375,37,1,0
BRF:73
BRH:0
end_of_record
TN:
SF:src\services\document.service.js
FN:24,uploadDocument
FN:116,getDocumentById
FN:156,downloadDocument
FN:195,getDocumentsByRequest
FN:230,deleteDocument
FN:288,validateDocumentRequirements
FN:297,(anonymous_6)
FNF:7
FNH:0
FNDA:0,uploadDocument
FNDA:0,getDocumentById
FNDA:0,downloadDocument
FNDA:0,getDocumentsByRequest
FNDA:0,deleteDocument
FNDA:0,validateDocumentRequirements
FNDA:0,(anonymous_6)
DA:8,0
DA:9,0
DA:10,0
DA:25,0
DA:26,0
DA:29,0
DA:30,0
DA:33,0
DA:39,0
DA:40,0
DA:44,0
DA:45,0
DA:52,0
DA:53,0
DA:54,0
DA:57,0
DA:65,0
DA:66,0
DA:67,0
DA:71,0
DA:82,0
DA:88,0
DA:89,0
DA:92,0
DA:96,0
DA:99,0
DA:102,0
DA:103,0
DA:104,0
DA:117,0
DA:118,0
DA:120,0
DA:133,0
DA:134,0
DA:137,0
DA:140,0
DA:141,0
DA:142,0
DA:157,0
DA:159,0
DA:162,0
DA:167,0
DA:168,0
DA:169,0
DA:172,0
DA:181,0
DA:182,0
DA:183,0
DA:196,0
DA:197,0
DA:199,0
DA:205,0
DA:206,0
DA:207,0
DA:210,0
DA:213,0
DA:214,0
DA:215,0
DA:231,0
DA:232,0
DA:233,0
DA:236,0
DA:239,0
DA:240,0
DA:247,0
DA:252,0
DA:253,0
DA:258,0
DA:263,0
DA:264,0
DA:265,0
DA:268,0
DA:274,0
DA:275,0
DA:276,0
DA:289,0
DA:290,0
DA:293,0
DA:294,0
DA:297,0
DA:298,0
DA:299,0
DA:301,0
DA:315,0
DA:316,0
DA:317,0
DA:321,0
LF:87
LH:0
BRDA:39,0,0,0
BRDA:39,0,1,0
BRDA:39,1,0,0
BRDA:39,1,1,0
BRDA:44,2,0,0
BRDA:44,2,1,0
BRDA:59,3,0,0
BRDA:59,3,1,0
BRDA:65,4,0,0
BRDA:65,4,1,0
BRDA:88,5,0,0
BRDA:88,5,1,0
BRDA:93,6,0,0
BRDA:93,6,1,0
BRDA:102,7,0,0
BRDA:102,7,1,0
BRDA:133,8,0,0
BRDA:133,8,1,0
BRDA:133,9,0,0
BRDA:133,9,1,0
BRDA:140,10,0,0
BRDA:140,10,1,0
BRDA:156,11,0,0
BRDA:164,12,0,0
BRDA:164,12,1,0
BRDA:167,13,0,0
BRDA:167,13,1,0
BRDA:167,14,0,0
BRDA:167,14,1,0
BRDA:181,15,0,0
BRDA:181,15,1,0
BRDA:205,16,0,0
BRDA:205,16,1,0
BRDA:210,17,0,0
BRDA:210,17,1,0
BRDA:213,18,0,0
BRDA:213,18,1,0
BRDA:239,19,0,0
BRDA:239,19,1,0
BRDA:249,20,0,0
BRDA:249,20,1,0
BRDA:252,21,0,0
BRDA:252,21,1,0
BRDA:263,22,0,0
BRDA:263,22,1,0
BRDA:274,23,0,0
BRDA:274,23,1,0
BRDA:302,24,0,0
BRDA:302,24,1,0
BRDA:302,24,2,0
BRDA:308,25,0,0
BRDA:308,25,1,0
BRDA:309,26,0,0
BRDA:309,26,1,0
BRDA:310,27,0,0
BRDA:310,27,1,0
BRDA:315,28,0,0
BRDA:315,28,1,0
BRF:58
BRH:0
end_of_record
TN:
SF:src\services\employee.service.js
FN:20,getById
FN:55,getByEmail
FN:94,checkEmailExists
FN:138,update
FN:160,(anonymous_4)
FN:204,getAll
FN:232,(anonymous_6)
FN:262,getProfileWithOnboarding
FN:292,(anonymous_8)
FN:293,(anonymous_9)
FN:294,(anonymous_10)
FNF:11
FNH:0
FNDA:0,getById
FNDA:0,getByEmail
FNDA:0,checkEmailExists
FNDA:0,update
FNDA:0,(anonymous_4)
FNDA:0,getAll
FNDA:0,(anonymous_6)
FNDA:0,getProfileWithOnboarding
FNDA:0,(anonymous_8)
FNDA:0,(anonymous_9)
FNDA:0,(anonymous_10)
DA:8,0
DA:9,0
DA:10,0
DA:21,0
DA:22,0
DA:24,0
DA:30,0
DA:31,0
DA:35,0
DA:37,0
DA:40,0
DA:41,0
DA:42,0
DA:56,0
DA:57,0
DA:59,0
DA:65,0
DA:67,0
DA:68,0
DA:71,0
DA:72,0
DA:75,0
DA:78,0
DA:79,0
DA:80,0
DA:95,0
DA:96,0
DA:98,0
DA:104,0
DA:105,0
DA:106,0
DA:109,0
DA:111,0
DA:112,0
DA:113,0
DA:117,0
DA:120,0
DA:121,0
DA:122,0
DA:139,0
DA:140,0
DA:143,0
DA:146,0
DA:147,0
DA:148,0
DA:150,0
DA:151,0
DA:155,0
DA:159,0
DA:160,0
DA:161,0
DA:162,0
DA:167,0
DA:170,0
DA:177,0
DA:178,0
DA:179,0
DA:182,0
DA:183,0
DA:186,0
DA:187,0
DA:188,0
DA:205,0
DA:206,0
DA:207,0
DA:208,0
DA:211,0
DA:217,0
DA:218,0
DA:222,0
DA:224,0
DA:226,0
DA:227,0
DA:228,0
DA:232,0
DA:233,0
DA:234,0
DA:237,0
DA:248,0
DA:249,0
DA:250,0
DA:263,0
DA:264,0
DA:267,0
DA:270,0
DA:275,0
DA:276,0
DA:278,0
DA:290,0
DA:292,0
DA:293,0
DA:294,0
DA:297,0
DA:303,0
DA:304,0
DA:305,0
DA:309,0
LF:97
LH:0
BRDA:30,0,0,0
BRDA:30,0,1,0
BRDA:30,1,0,0
BRDA:30,1,1,0
BRDA:40,2,0,0
BRDA:40,2,1,0
BRDA:65,3,0,0
BRDA:65,3,1,0
BRDA:65,4,0,0
BRDA:65,4,1,0
BRDA:71,5,0,0
BRDA:71,5,1,0
BRDA:75,6,0,0
BRDA:75,6,1,0
BRDA:78,7,0,0
BRDA:78,7,1,0
BRDA:94,8,0,0
BRDA:104,9,0,0
BRDA:104,9,1,0
BRDA:111,10,0,0
BRDA:111,10,1,0
BRDA:111,11,0,0
BRDA:111,11,1,0
BRDA:120,12,0,0
BRDA:120,12,1,0
BRDA:146,13,0,0
BRDA:146,13,1,0
BRDA:146,14,0,0
BRDA:146,14,1,0
BRDA:150,15,0,0
BRDA:150,15,1,0
BRDA:161,16,0,0
BRDA:161,16,1,0
BRDA:177,17,0,0
BRDA:177,17,1,0
BRDA:186,18,0,0
BRDA:186,18,1,0
BRDA:204,19,0,0
BRDA:206,20,0,0
BRDA:206,20,1,0
BRDA:207,21,0,0
BRDA:207,21,1,0
BRDA:217,22,0,0
BRDA:217,22,1,0
BRDA:226,23,0,0
BRDA:226,23,1,0
BRDA:232,24,0,0
BRDA:232,24,1,0
BRDA:242,25,0,0
BRDA:242,25,1,0
BRDA:243,26,0,0
BRDA:243,26,1,0
BRDA:248,27,0,0
BRDA:248,27,1,0
BRDA:275,28,0,0
BRDA:275,28,1,0
BRDA:303,29,0,0
BRDA:303,29,1,0
BRF:58
BRH:0
end_of_record
TN:
SF:src\services\index.js
FNF:0
FNH:0
DA:8,0
DA:9,0
DA:10,0
DA:11,0
DA:12,0
DA:14,0
LF:6
LH:0
BRF:0
BRH:0
end_of_record
TN:
SF:src\services\onboarding.service.js
FN:25,createRequest
FN:103,getRequestById
FN:142,getRequestsByEmployee
FN:179,updateRequest
FN:202,(anonymous_4)
FN:241,getRequestWithDocuments
FN:288,getCompleteDetails
FN:319,canSubmitNewRequest
FN:363,deleteRequest
FNF:9
FNH:0
FNDA:0,createRequest
FNDA:0,getRequestById
FNDA:0,getRequestsByEmployee
FNDA:0,updateRequest
FNDA:0,(anonymous_4)
FNDA:0,getRequestWithDocuments
FNDA:0,getCompleteDetails
FNDA:0,canSubmitNewRequest
FNDA:0,deleteRequest
DA:8,0
DA:9,0
DA:10,0
DA:11,0
DA:26,0
DA:27,0
DA:30,0
DA:40,0
DA:47,0
DA:48,0
DA:55,0
DA:67,0
DA:73,0
DA:74,0
DA:75,0
DA:78,0
DA:86,0
DA:89,0
DA:90,0
DA:91,0
DA:104,0
DA:105,0
DA:107,0
DA:121,0
DA:122,0
DA:125,0
DA:128,0
DA:129,0
DA:130,0
DA:143,0
DA:144,0
DA:146,0
DA:152,0
DA:153,0
DA:154,0
DA:157,0
DA:160,0
DA:161,0
DA:162,0
DA:180,0
DA:181,0
DA:182,0
DA:185,0
DA:188,0
DA:189,0
DA:193,0
DA:194,0
DA:201,0
DA:202,0
DA:203,0
DA:204,0
DA:209,0
DA:212,0
DA:219,0
DA:220,0
DA:221,0
DA:224,0
DA:227,0
DA:228,0
DA:229,0
DA:242,0
DA:243,0
DA:246,0
DA:249,0
DA:255,0
DA:256,0
DA:258,0
DA:264,0
DA:270,0
DA:271,0
DA:272,0
DA:289,0
DA:290,0
DA:293,0
DA:296,0
DA:298,0
DA:304,0
DA:305,0
DA:306,0
DA:320,0
DA:321,0
DA:324,0
DA:331,0
DA:332,0
DA:339,0
DA:345,0
DA:346,0
DA:347,0
DA:364,0
DA:365,0
DA:366,0
DA:369,0
DA:372,0
DA:373,0
DA:377,0
DA:378,0
DA:385,0
DA:390,0
DA:391,0
DA:392,0
DA:395,0
DA:401,0
DA:402,0
DA:403,0
DA:407,0
LF:105
LH:0
BRDA:47,0,0,0
BRDA:47,0,1,0
BRDA:73,1,0,0
BRDA:73,1,1,0
BRDA:89,2,0,0
BRDA:89,2,1,0
BRDA:121,3,0,0
BRDA:121,3,1,0
BRDA:121,4,0,0
BRDA:121,4,1,0
BRDA:128,5,0,0
BRDA:128,5,1,0
BRDA:152,6,0,0
BRDA:152,6,1,0
BRDA:157,7,0,0
BRDA:157,7,1,0
BRDA:160,8,0,0
BRDA:160,8,1,0
BRDA:188,9,0,0
BRDA:188,9,1,0
BRDA:193,10,0,0
BRDA:193,10,1,0
BRDA:203,11,0,0
BRDA:203,11,1,0
BRDA:219,12,0,0
BRDA:219,12,1,0
BRDA:227,13,0,0
BRDA:227,13,1,0
BRDA:255,14,0,0
BRDA:255,14,1,0
BRDA:266,15,0,0
BRDA:266,15,1,0
BRDA:270,16,0,0
BRDA:270,16,1,0
BRDA:304,17,0,0
BRDA:304,17,1,0
BRDA:331,18,0,0
BRDA:331,18,1,0
BRDA:345,19,0,0
BRDA:345,19,1,0
BRDA:372,20,0,0
BRDA:372,20,1,0
BRDA:377,21,0,0
BRDA:377,21,1,0
BRDA:390,22,0,0
BRDA:390,22,1,0
BRDA:401,23,0,0
BRDA:401,23,1,0
BRF:48
BRH:0
end_of_record
TN:
SF:src\services\statusHistory.service.js
FN:26,createHistoryEntry
FN:81,getHistoryByRequest
FN:123,getLatestStatus
FN:159,getTimeline
FN:164,(anonymous_4)
FNF:5
FNH:0
FNDA:0,createHistoryEntry
FNDA:0,getHistoryByRequest
FNDA:0,getLatestStatus
FNDA:0,getTimeline
FNDA:0,(anonymous_4)
DA:8,0
DA:9,0
DA:10,0
DA:27,0
DA:34,0
DA:37,0
DA:38,0
DA:42,0
DA:43,0
DA:45,0
DA:58,0
DA:59,0
DA:60,0
DA:63,0
DA:66,0
DA:67,0
DA:68,0
DA:82,0
DA:83,0
DA:85,0
DA:100,0
DA:101,0
DA:102,0
DA:105,0
DA:108,0
DA:109,0
DA:110,0
DA:124,0
DA:125,0
DA:127,0
DA:135,0
DA:137,0
DA:138,0
DA:141,0
DA:144,0
DA:145,0
DA:146,0
DA:160,0
DA:161,0
DA:164,0
DA:179,0
DA:180,0
DA:181,0
DA:185,0
LF:44
LH:0
BRDA:37,0,0,0
BRDA:37,0,1,0
BRDA:37,1,0,0
BRDA:37,1,1,0
BRDA:37,1,2,0
BRDA:49,2,0,0
BRDA:49,2,1,0
BRDA:52,3,0,0
BRDA:52,3,1,0
BRDA:58,4,0,0
BRDA:58,4,1,0
BRDA:66,5,0,0
BRDA:66,5,1,0
BRDA:100,6,0,0
BRDA:100,6,1,0
BRDA:105,7,0,0
BRDA:105,7,1,0
BRDA:108,8,0,0
BRDA:108,8,1,0
BRDA:135,9,0,0
BRDA:135,9,1,0
BRDA:135,10,0,0
BRDA:135,10,1,0
BRDA:141,11,0,0
BRDA:141,11,1,0
BRDA:144,12,0,0
BRDA:144,12,1,0
BRDA:179,13,0,0
BRDA:179,13,1,0
BRF:29
BRH:0
end_of_record
TN:
SF:src\utils\errorHandler.js
FN:13,(anonymous_0)
FN:32,globalErrorHandler
FN:62,asyncHandler
FN:63,(anonymous_3)
FNF:4
FNH:1
FNDA:28,(anonymous_0)
FNDA:0,globalErrorHandler
FNDA:0,asyncHandler
FNDA:0,(anonymous_3)
DA:14,28
DA:15,28
DA:16,28
DA:19,28
DA:34,0
DA:35,0
DA:38,0
DA:47,0
DA:63,0
DA:64,0
DA:68,2
LF:11
LH:5
BRDA:13,0,0,0
BRDA:34,1,0,0
BRDA:34,1,1,0
BRDA:35,2,0,0
BRDA:35,2,1,0
BRDA:41,3,0,0
BRDA:41,3,1,0
BRDA:50,4,0,0
BRDA:50,4,1,0
BRF:9
BRH:0
end_of_record
TN:
SF:src\utils\response.js
FN:16,successResponse
FN:32,errorResponse
FN:51,paginatedResponse
FNF:3
FNH:0
FNDA:0,successResponse
FNDA:0,errorResponse
FNDA:0,paginatedResponse
DA:17,0
DA:33,0
DA:52,0
DA:65,0
LF:4
LH:0
BRDA:16,0,0,0
BRDA:16,1,0,0
BRDA:16,2,0,0
BRDA:32,3,0,0
BRDA:32,4,0,0
BRDA:51,5,0,0
BRF:6
BRH:0
end_of_record
TN:
SF:src\utils\validation.js
FN:17,validateEmail
FN:38,validatePhone
FN:60,validateUUID
FN:81,validateRequiredFields
FN:107,validateStringLength
FN:139,validateFile
FNF:6
FNH:5
FNDA:8,validateEmail
FNDA:7,validatePhone
FNDA:7,validateUUID
FNDA:4,validateRequiredFields
FNDA:6,validateStringLength
FNDA:0,validateFile
DA:8,1
DA:18,8
DA:20,8
DA:21,2
DA:24,6
DA:25,4
DA:28,2
DA:39,7
DA:41,7
DA:42,2
DA:45,5
DA:46,3
DA:49,2
DA:61,7
DA:63,7
DA:64,2
DA:67,5
DA:68,3
DA:71,2
DA:82,4
DA:84,4
DA:85,10
DA:86,4
DA:90,4
DA:91,3
DA:108,6
DA:109,1
DA:112,5
DA:114,5
DA:115,2
DA:121,3
DA:122,1
DA:128,2
DA:140,0
DA:141,0
DA:145,0
DA:146,0
DA:153,0
DA:154,0
DA:160,0
DA:163,1
LF:41
LH:34
BRDA:20,0,0,2
BRDA:20,0,1,6
BRDA:24,1,0,4
BRDA:24,1,1,2
BRDA:41,2,0,2
BRDA:41,2,1,5
BRDA:45,3,0,3
BRDA:45,3,1,2
BRDA:60,4,0,6
BRDA:63,5,0,2
BRDA:63,5,1,5
BRDA:67,6,0,3
BRDA:67,6,1,2
BRDA:85,7,0,4
BRDA:85,7,1,6
BRDA:85,8,0,10
BRDA:85,8,1,7
BRDA:90,9,0,3
BRDA:90,9,1,1
BRDA:107,10,0,0
BRDA:107,11,0,0
BRDA:108,12,0,1
BRDA:108,12,1,5
BRDA:114,13,0,2
BRDA:114,13,1,3
BRDA:121,14,0,1
BRDA:121,14,1,2
BRDA:139,15,0,0
BRDA:140,16,0,0
BRDA:140,16,1,0
BRDA:145,17,0,0
BRDA:145,17,1,0
BRDA:153,18,0,0
BRDA:153,18,1,0
BRF:34
BRH:25
end_of_record
